TN:
SF:components/access-requests/access-requests.tsx
FN:47,(anonymous_0)
FN:58,(anonymous_1)
FN:64,(anonymous_2)
FN:64,(anonymous_3)
FN:112,(anonymous_4)
FN:114,(anonymous_5)
FNF:6
FNH:4
FNDA:10,(anonymous_0)
FNDA:6,(anonymous_1)
FNDA:0,(anonymous_2)
FNDA:0,(anonymous_3)
FNDA:6,(anonymous_4)
FNDA:6,(anonymous_5)
DA:26,39
DA:47,39
DA:48,10
DA:49,10
DA:50,10
DA:58,10
DA:59,6
DA:61,10
DA:62,10
DA:63,10
DA:64,0
DA:68,10
DA:112,6
DA:115,6
LF:14
LH:13
BRDA:58,0,0,10
BRDA:58,0,1,4
BRDA:61,1,0,10
BRDA:61,1,1,0
BRDA:62,2,0,4
BRDA:62,2,1,6
BRDA:64,3,0,0
BRDA:64,3,1,0
BRDA:89,4,0,10
BRDA:89,4,1,4
BRDA:122,5,0,6
BRDA:122,5,1,6
BRDA:125,6,0,6
BRDA:125,6,1,0
BRDA:133,7,0,6
BRDA:133,7,1,0
BRDA:152,8,0,10
BRDA:152,8,1,0
BRDA:156,9,0,0
BRDA:156,9,1,0
BRF:20
BRH:12
end_of_record
TN:
SF:components/access-requests/index.ts
FNF:0
FNH:0
LF:0
LH:0
BRF:0
BRH:0
end_of_record
TN:
SF:components/access-requests-badge/access-requests-badge.tsx
FN:14,(anonymous_0)
FNF:1
FNH:0
FNDA:0,(anonymous_0)
DA:6,214
DA:14,214
DA:15,0
DA:27,0
LF:4
LH:2
BRDA:27,0,0,0
BRDA:27,0,1,0
BRF:2
BRH:0
end_of_record
TN:
SF:components/access-requests-badge/index.ts
FNF:0
FNH:0
LF:0
LH:0
BRF:0
BRH:0
end_of_record
TN:
SF:components/actions-menu/actions-menu.tsx
FN:9,(anonymous_0)
FNF:1
FNH:1
FNDA:30,(anonymous_0)
DA:9,6
DA:10,30
LF:2
LH:2
BRF:0
BRH:0
end_of_record
TN:
SF:components/actions-menu/index.ts
FNF:0
FNH:0
LF:0
LH:0
BRF:0
BRH:0
end_of_record
TN:
SF:components/activity-list/activity-list.tsx
FN:19,getContext
FN:23,(anonymous_1)
FN:32,(anonymous_2)
FN:37,(anonymous_3)
FN:60,(anonymous_4)
FNF:5
FNH:5
FNDA:2,getContext
FNDA:8,(anonymous_1)
FNDA:12,(anonymous_2)
FNDA:2,(anonymous_3)
FNDA:8,(anonymous_4)
DA:20,2
DA:21,2
DA:22,2
DA:23,2
DA:24,8
DA:26,2
DA:28,0
DA:32,4
DA:33,12
DA:35,12
DA:39,2
DA:61,8
LF:12
LH:11
BRDA:20,0,0,2
BRDA:20,0,1,0
BRDA:33,1,0,12
BRDA:33,1,1,0
BRDA:54,2,0,2
BRDA:54,2,1,0
BRDA:69,3,0,2
BRDA:69,3,1,0
BRF:8
BRH:4
end_of_record
TN:
SF:components/activity-list/index.ts
FNF:0
FNH:0
LF:0
LH:0
BRF:0
BRH:0
end_of_record
TN:
SF:components/api-product-item/api-product-item.tsx
FN:37,(anonymous_0)
FN:38,(anonymous_1)
FN:39,(anonymous_2)
FNF:3
FNH:3
FNDA:6,(anonymous_0)
FNDA:14,(anonymous_1)
FNDA:14,(anonymous_2)
DA:37,3
DA:38,14
DA:39,14
DA:40,6
DA:42,6
LF:5
LH:5
BRDA:51,0,0,0
BRDA:51,0,1,6
BRDA:51,1,0,6
BRDA:51,1,1,6
BRDA:58,2,0,6
BRDA:58,2,1,0
BRDA:65,3,0,6
BRDA:65,3,1,6
BRDA:65,3,2,6
BRDA:66,4,0,0
BRDA:66,4,1,6
BRDA:68,5,0,0
BRDA:68,5,1,6
BRDA:71,6,0,0
BRDA:71,6,1,6
BRDA:76,7,0,6
BRDA:76,7,1,0
BRDA:86,8,0,0
BRDA:86,8,1,0
BRF:19
BRH:11
end_of_record
TN:
SF:components/api-product-item/index.ts
FNF:0
FNH:0
LF:0
LH:0
BRF:0
BRH:0
end_of_record
TN:
SF:components/app-error/app-error.tsx
FN:5,(anonymous_0)
FNF:1
FNH:0
FNDA:0,(anonymous_0)
DA:5,14
DA:6,0
LF:2
LH:1
BRF:0
BRH:0
end_of_record
TN:
SF:components/app-error/index.ts
FNF:0
FNH:0
LF:0
LH:0
BRF:0
BRH:0
end_of_record
TN:
SF:components/application-services/application-services.tsx
FN:11,(anonymous_0)
FN:22,(anonymous_1)
FNF:2
FNH:0
FNDA:0,(anonymous_0)
FNDA:0,(anonymous_1)
DA:11,6
DA:12,0
DA:17,0
DA:23,0
DA:33,6
LF:5
LH:2
BRDA:19,0,0,0
BRDA:19,0,1,0
BRF:2
BRH:0
end_of_record
TN:
SF:components/application-services/index.ts
FNF:0
FNH:0
LF:0
LH:0
BRF:0
BRH:0
end_of_record
TN:
SF:components/auth-action/auth-action.tsx
FN:23,(anonymous_0)
FNF:1
FNH:1
FNDA:330,(anonymous_0)
DA:23,214
DA:24,330
DA:26,330
DA:27,0
DA:30,330
DA:31,41
DA:43,289
LF:7
LH:6
BRDA:26,0,0,0
BRDA:26,0,1,330
BRDA:30,1,0,41
BRDA:30,1,1,289
BRDA:50,2,0,289
BRDA:50,2,1,289
BRF:6
BRH:5
end_of_record
TN:
SF:components/auth-action/index.ts
FNF:0
FNH:0
LF:0
LH:0
BRF:0
BRH:0
end_of_record
TN:
SF:components/authorization-profile-controls/authentication.tsx
FN:25,(anonymous_0)
FNF:1
FNH:1
FNDA:18,(anonymous_0)
DA:25,6
DA:30,18
LF:2
LH:2
BRDA:72,0,0,18
BRDA:72,0,1,0
BRDA:94,1,0,18
BRDA:94,1,1,12
BRF:4
BRH:3
end_of_record
TN:
SF:components/authorization-profile-controls/authorization-profile.tsx
FN:20,(anonymous_0)
FN:28,(anonymous_1)
FN:38,(anonymous_2)
FN:56,(anonymous_3)
FN:57,(anonymous_4)
FN:62,(anonymous_5)
FN:63,(anonymous_6)
FN:63,(anonymous_7)
FNF:8
FNH:5
FNDA:18,(anonymous_0)
FNDA:6,(anonymous_1)
FNDA:6,(anonymous_2)
FNDA:6,(anonymous_3)
FNDA:6,(anonymous_4)
FNDA:0,(anonymous_5)
FNDA:0,(anonymous_6)
FNDA:0,(anonymous_7)
DA:20,6
DA:24,18
DA:25,18
DA:26,18
DA:27,18
DA:29,6
DA:30,6
DA:32,6
DA:37,18
DA:39,6
DA:40,6
DA:41,6
DA:42,6
DA:46,6
DA:47,60
DA:50,6
DA:55,18
DA:57,6
DA:61,18
DA:63,0
DA:68,18
LF:21
LH:20
BRDA:26,0,0,18
BRDA:26,0,1,18
BRDA:40,1,0,6
BRDA:40,1,1,0
BRDA:76,2,0,18
BRDA:76,2,1,12
BRDA:97,3,0,0
BRDA:97,3,1,18
BRF:8
BRH:6
end_of_record
TN:
SF:components/authorization-profile-controls/authorization.tsx
FN:32,(anonymous_0)
FN:40,(anonymous_1)
FN:46,(anonymous_2)
FN:54,(anonymous_3)
FN:55,(anonymous_4)
FNF:5
FNH:2
FNDA:12,(anonymous_0)
FNDA:6,(anonymous_1)
FNDA:0,(anonymous_2)
FNDA:0,(anonymous_3)
FNDA:0,(anonymous_4)
DA:32,6
DA:37,12
DA:38,12
DA:40,12
DA:41,6
DA:42,6
DA:43,6
DA:45,0
DA:46,0
DA:49,0
DA:53,12
DA:55,0
DA:60,12
LF:13
LH:9
BRDA:38,0,0,12
BRDA:38,0,1,12
BRDA:42,1,0,6
BRDA:42,1,1,0
BRF:4
BRH:3
end_of_record
TN:
SF:components/authorization-profile-controls/client-delete.tsx
FN:21,(anonymous_0)
FNF:1
FNH:1
FNDA:6,(anonymous_0)
DA:21,6
DA:22,6
DA:23,6
DA:25,6
LF:4
LH:4
BRF:0
BRH:0
end_of_record
TN:
SF:components/authorization-profile-controls/client-management.tsx
FN:17,(anonymous_0)
FN:24,(anonymous_1)
FN:24,(anonymous_2)
FN:44,(anonymous_3)
FNF:4
FNH:3
FNDA:12,(anonymous_0)
FNDA:6,(anonymous_1)
FNDA:0,(anonymous_2)
FNDA:6,(anonymous_3)
DA:17,6
DA:23,12
DA:24,6
DA:28,12
DA:45,6
LF:5
LH:5
BRDA:55,0,0,12
BRDA:55,0,1,6
BRF:2
BRH:2
end_of_record
TN:
SF:components/authorization-profile-controls/delete-profile.tsx
FN:23,(anonymous_0)
FN:33,(anonymous_1)
FNF:2
FNH:0
FNDA:0,(anonymous_0)
FNDA:0,(anonymous_1)
DA:23,6
DA:26,0
DA:27,0
DA:28,0
DA:29,0
DA:30,0
DA:31,0
DA:33,0
DA:34,0
DA:35,0
DA:36,0
DA:37,0
DA:41,0
DA:42,0
DA:44,0
DA:52,0
DA:88,6
LF:17
LH:2
BRDA:47,0,0,0
BRDA:47,0,1,0
BRF:2
BRH:0
end_of_record
TN:
SF:components/authorization-profile-controls/form-group.tsx
FN:9,(anonymous_0)
FNF:1
FNH:1
FNDA:132,(anonymous_0)
DA:9,6
DA:10,132
LF:2
LH:2
BRF:0
BRH:0
end_of_record
TN:
SF:components/authorization-profile-controls/index.ts
FNF:0
FNH:0
LF:0
LH:0
BRF:0
BRH:0
end_of_record
TN:
SF:components/authorization-profile-controls/new-client.tsx
FN:30,(anonymous_0)
FN:37,(anonymous_1)
FN:47,(anonymous_2)
FN:54,(anonymous_3)
FNF:4
FNH:4
FNDA:24,(anonymous_0)
FNDA:6,(anonymous_1)
FNDA:6,(anonymous_2)
FNDA:6,(anonymous_3)
DA:30,6
DA:31,24
DA:32,24
DA:33,24
DA:37,24
DA:38,6
DA:39,6
DA:40,6
DA:41,30
DA:43,6
DA:44,6
DA:46,24
DA:48,6
DA:49,6
DA:50,6
DA:54,24
DA:56,24
DA:186,6
LF:18
LH:18
BRDA:112,0,0,24
BRDA:112,0,1,24
BRDA:128,1,0,24
BRDA:128,1,1,0
BRDA:141,2,0,24
BRDA:141,2,1,12
BRF:6
BRH:5
end_of_record
TN:
SF:components/authorization-profile-controls/profile.tsx
FN:14,(anonymous_0)
FNF:1
FNH:1
FNDA:18,(anonymous_0)
DA:14,6
DA:17,18
DA:18,18
DA:20,18
LF:4
LH:4
BRDA:18,0,0,18
BRDA:18,0,1,18
BRDA:24,1,0,18
BRDA:24,1,1,18
BRF:4
BRH:4
end_of_record
TN:
SF:components/business-profile/business-profile-content.tsx
FN:21,(anonymous_0)
FN:27,(anonymous_1)
FNF:2
FNH:2
FNDA:16,(anonymous_0)
FNDA:8,(anonymous_1)
DA:21,4
DA:26,16
DA:27,16
DA:28,8
DA:29,8
DA:31,8
DA:32,0
DA:33,0
DA:41,8
DA:47,16
LF:10
LH:8
BRDA:22,0,0,4
BRDA:26,1,0,16
BRDA:26,1,1,16
BRDA:31,2,0,0
BRDA:31,2,1,8
BRDA:58,3,0,0
BRDA:58,3,1,16
BRDA:69,4,0,16
BRDA:69,4,1,4
BRDA:77,5,0,16
BRDA:77,5,1,12
BRDA:81,6,0,12
BRDA:81,6,1,0
BRF:13
BRH:10
end_of_record
TN:
SF:components/business-profile/business-profile.tsx
FN:12,(anonymous_0)
FNF:1
FNH:1
FNDA:16,(anonymous_0)
DA:12,4
DA:16,16
DA:25,16
DA:36,4
LF:4
LH:4
BRF:0
BRH:0
end_of_record
TN:
SF:components/business-profile/index.ts
FNF:0
FNH:0
LF:0
LH:0
BRF:0
BRH:0
end_of_record
TN:
SF:components/button/button.tsx
FN:11,(anonymous_0)
FN:17,(anonymous_1)
FNF:2
FNH:0
FNDA:0,(anonymous_0)
FNDA:0,(anonymous_1)
DA:11,214
DA:17,0
DA:18,0
DA:19,0
DA:21,0
DA:25,0
LF:6
LH:1
BRDA:12,0,0,0
BRDA:18,1,0,0
BRDA:18,1,1,0
BRF:3
BRH:0
end_of_record
TN:
SF:components/button/index.ts
FNF:0
FNH:0
LF:0
LH:0
BRF:0
BRH:0
end_of_record
TN:
SF:components/card/card.tsx
FN:17,(anonymous_0)
FNF:1
FNH:1
FNDA:392,(anonymous_0)
DA:17,145
DA:23,392
DA:25,392
LF:3
LH:3
BRDA:27,0,0,392
BRDA:27,0,1,6
BRDA:38,1,0,6
BRDA:38,1,1,0
BRF:4
BRH:3
end_of_record
TN:
SF:components/card/expandable-card.tsx
FN:18,(anonymous_0)
FNF:1
FNH:0
FNDA:0,(anonymous_0)
DA:18,145
DA:24,0
LF:2
LH:1
BRDA:20,0,0,0
BRF:1
BRH:0
end_of_record
TN:
SF:components/card/expandable-cards.tsx
FN:8,(anonymous_0)
FNF:1
FNH:0
FNDA:0,(anonymous_0)
DA:8,145
DA:12,0
LF:2
LH:1
BRF:0
BRH:0
end_of_record
TN:
SF:components/card/index.ts
FNF:0
FNH:0
LF:0
LH:0
BRF:0
BRH:0
end_of_record
TN:
SF:components/client-request/client-request.tsx
FN:10,(anonymous_0)
FNF:1
FNH:1
FNDA:46,(anonymous_0)
DA:10,14
DA:14,46
DA:16,46
DA:17,0
DA:20,46
LF:5
LH:4
BRDA:16,0,0,0
BRDA:16,0,1,46
BRF:2
BRH:1
end_of_record
TN:
SF:components/client-request/index.ts
FNF:0
FNH:0
LF:0
LH:0
BRF:0
BRH:0
end_of_record
TN:
SF:components/consumer-acl/consumer-acl.tsx
FN:10,(anonymous_0)
FN:14,(anonymous_1)
FN:16,(anonymous_2)
FN:18,(anonymous_3)
FN:28,(anonymous_4)
FNF:5
FNH:4
FNDA:145,(anonymous_0)
FNDA:290,(anonymous_1)
FNDA:290,(anonymous_2)
FNDA:143,(anonymous_3)
FNDA:0,(anonymous_4)
DA:10,34
DA:11,145
DA:14,290
DA:16,290
DA:17,145
DA:18,143
DA:20,145
DA:29,0
LF:8
LH:7
BRDA:20,0,0,0
BRDA:20,0,1,145
BRF:2
BRH:1
end_of_record
TN:
SF:components/consumer-acl/index.ts
FNF:0
FNH:0
LF:0
LH:0
BRF:0
BRH:0
end_of_record
TN:
SF:components/consumer-authz/consumer-authz.tsx
FN:30,(anonymous_0)
FN:45,(anonymous_1)
FN:47,(anonymous_2)
FN:47,(anonymous_3)
FN:49,(anonymous_4)
FN:82,(anonymous_5)
FN:83,(anonymous_6)
FNF:7
FNH:7
FNDA:145,(anonymous_0)
FNDA:290,(anonymous_1)
FNDA:290,(anonymous_2)
FNDA:290,(anonymous_3)
FNDA:290,(anonymous_4)
FNDA:290,(anonymous_5)
FNDA:290,(anonymous_6)
DA:30,34
DA:37,145
DA:45,290
DA:47,290
DA:50,290
DA:82,290
DA:84,290
LF:7
LH:7
BRDA:67,0,0,290
BRDA:67,0,1,0
BRDA:69,1,0,290
BRDA:69,1,1,0
BRDA:94,2,0,290
BRDA:94,2,1,0
BRDA:117,3,0,290
BRDA:117,3,1,145
BRDA:127,4,0,290
BRDA:127,4,1,145
BRDA:137,5,0,290
BRDA:137,5,1,145
BRDA:137,5,2,145
BRF:13
BRH:10
end_of_record
TN:
SF:components/consumer-authz/index.ts
FNF:0
FNH:0
LF:0
LH:0
BRF:0
BRH:0
end_of_record
TN:
SF:components/consumer-authz/types/acl.tsx
FN:15,(anonymous_0)
FN:25,(anonymous_1)
FN:25,(anonymous_2)
FNF:3
FNH:3
FNDA:149,(anonymous_0)
FNDA:149,(anonymous_1)
FNDA:2,(anonymous_2)
DA:15,34
DA:21,149
DA:22,149
DA:23,149
DA:24,149
DA:25,149
DA:28,2
DA:29,2
DA:31,2
DA:33,2
DA:34,2
DA:40,2
DA:41,2
DA:46,0
DA:56,149
DA:71,34
LF:16
LH:15
BRF:0
BRH:0
end_of_record
TN:
SF:components/consumer-authz/types/roles.tsx
FN:40,(anonymous_0)
FN:66,(anonymous_1)
FN:66,(anonymous_2)
FN:116,(anonymous_3)
FNF:4
FNH:1
FNDA:179,(anonymous_0)
FNDA:0,(anonymous_1)
FNDA:0,(anonymous_2)
FNDA:0,(anonymous_3)
DA:40,34
DA:46,179
DA:47,179
DA:48,179
DA:60,179
DA:62,179
DA:63,179
DA:64,179
DA:65,179
DA:66,0
DA:69,0
DA:70,0
DA:72,0
DA:74,0
DA:75,0
DA:76,0
DA:82,0
DA:86,0
DA:87,0
DA:89,0
DA:94,0
DA:100,179
DA:101,68
DA:103,111
DA:104,111
DA:106,0
DA:107,0
DA:109,0
DA:113,0
DA:117,0
DA:134,34
DA:150,34
LF:32
LH:15
BRDA:83,0,0,0
BRDA:83,0,1,0
BRDA:100,1,0,68
BRDA:100,1,1,111
BRDA:100,2,0,179
BRDA:100,2,1,111
BRDA:100,2,2,111
BRDA:103,3,0,111
BRDA:103,3,1,0
BRDA:106,4,0,0
BRDA:106,4,1,0
BRDA:109,5,0,0
BRDA:109,5,1,0
BRF:13
BRH:6
end_of_record
TN:
SF:components/consumer-authz/types/scopes.tsx
FN:40,(anonymous_0)
FN:66,(anonymous_1)
FN:66,(anonymous_2)
FN:116,(anonymous_3)
FNF:4
FNH:1
FNDA:179,(anonymous_0)
FNDA:0,(anonymous_1)
FNDA:0,(anonymous_2)
FNDA:0,(anonymous_3)
DA:40,34
DA:46,179
DA:47,179
DA:48,179
DA:60,179
DA:62,179
DA:63,179
DA:64,179
DA:65,179
DA:66,0
DA:69,0
DA:70,0
DA:72,0
DA:74,0
DA:75,0
DA:76,0
DA:82,0
DA:86,0
DA:87,0
DA:89,0
DA:94,0
DA:100,179
DA:101,68
DA:103,111
DA:104,111
DA:106,0
DA:107,0
DA:109,0
DA:113,0
DA:117,0
DA:134,34
DA:150,34
LF:32
LH:15
BRDA:83,0,0,0
BRDA:83,0,1,0
BRDA:100,1,0,68
BRDA:100,1,1,111
BRDA:100,2,0,179
BRDA:100,2,1,111
BRDA:100,2,2,111
BRDA:103,3,0,111
BRDA:103,3,1,0
BRDA:106,4,0,0
BRDA:106,4,1,0
BRDA:109,5,0,0
BRDA:109,5,1,0
BRF:13
BRH:6
end_of_record
TN:
SF:components/controls/add-control-button.tsx
FN:10,(anonymous_0)
FNF:1
FNH:1
FNDA:404,(anonymous_0)
DA:10,38
DA:15,404
LF:2
LH:2
BRF:0
BRH:0
end_of_record
TN:
SF:components/controls/control-type-select.tsx
FN:20,(anonymous_0)
FN:35,(anonymous_1)
FN:42,(anonymous_2)
FN:47,(anonymous_3)
FN:50,(anonymous_4)
FN:79,(anonymous_5)
FNF:6
FNH:5
FNDA:74,(anonymous_0)
FNDA:60,(anonymous_1)
FNDA:12,(anonymous_2)
FNDA:12,(anonymous_3)
FNDA:0,(anonymous_4)
FNDA:36,(anonymous_5)
DA:20,38
DA:24,74
DA:25,74
DA:26,74
DA:27,74
DA:28,74
DA:35,74
DA:36,60
DA:38,36
DA:40,24
DA:42,12
DA:44,0
DA:47,74
DA:48,12
DA:50,74
DA:51,0
DA:54,74
DA:80,36
DA:92,38
LF:19
LH:17
BRDA:24,0,0,0
BRDA:24,0,1,74
BRDA:25,1,0,74
BRDA:25,1,1,74
BRDA:36,2,0,24
BRDA:36,2,1,36
BRDA:38,3,0,24
BRDA:38,3,1,12
BRDA:38,3,2,0
BRF:9
BRH:7
end_of_record
TN:
SF:components/controls/controls-dialog.tsx
FN:25,(anonymous_0)
FN:35,(anonymous_1)
FN:38,(anonymous_2)
FNF:3
FNH:2
FNDA:485,(anonymous_0)
FNDA:0,(anonymous_1)
FNDA:24,(anonymous_2)
DA:25,38
DA:33,485
DA:34,485
DA:35,485
DA:36,0
DA:38,485
DA:39,24
DA:40,24
DA:41,24
DA:42,24
DA:43,24
DA:48,485
LF:12
LH:11
BRDA:39,0,0,24
BRDA:39,0,1,0
BRDA:40,1,0,24
BRDA:40,1,1,0
BRDA:50,2,0,485
BRDA:50,2,1,81
BRDA:61,3,0,485
BRDA:61,3,1,404
BRF:8
BRH:6
end_of_record
TN:
SF:components/controls/ip-restriction.tsx
FN:38,(anonymous_0)
FN:57,(anonymous_1)
FNF:2
FNH:2
FNDA:228,(anonymous_0)
FNDA:12,(anonymous_1)
DA:38,38
DA:44,228
DA:45,228
DA:50,228
DA:51,228
DA:57,228
DA:58,12
DA:59,12
DA:67,12
DA:68,6
DA:73,12
DA:74,6
DA:79,12
DA:83,12
DA:84,0
DA:87,12
DA:88,12
DA:89,12
DA:94,0
DA:102,228
LF:20
LH:18
BRDA:49,0,0,47
BRDA:49,0,1,181
BRDA:51,1,0,47
BRDA:51,1,1,181
BRDA:67,2,0,6
BRDA:67,2,1,6
BRDA:73,3,0,6
BRDA:73,3,1,6
BRDA:83,4,0,0
BRDA:83,4,1,12
BRF:10
BRH:9
end_of_record
TN:
SF:components/controls/queries.ts
FNF:0
FNH:0
DA:3,38
DA:11,38
LF:2
LH:2
BRF:0
BRH:0
end_of_record
TN:
SF:components/controls/rate-limiting.tsx
FN:44,(anonymous_0)
FN:65,(anonymous_1)
FN:68,(anonymous_2)
FNF:3
FNH:3
FNDA:209,(anonymous_0)
FNDA:48,(anonymous_1)
FNDA:12,(anonymous_2)
DA:44,38
DA:50,209
DA:51,209
DA:54,209
DA:55,209
DA:65,209
DA:66,48
DA:68,209
DA:69,12
DA:70,12
DA:83,12
DA:84,6
DA:89,12
DA:90,6
DA:95,12
DA:99,12
DA:100,0
DA:103,12
DA:104,6
DA:105,6
DA:110,0
DA:118,209
LF:22
LH:20
BRDA:52,0,0,34
BRDA:52,0,1,175
BRDA:55,1,0,34
BRDA:55,1,1,175
BRDA:66,2,0,36
BRDA:66,2,1,12
BRDA:83,3,0,6
BRDA:83,3,1,6
BRDA:89,4,0,6
BRDA:89,4,1,6
BRDA:99,5,0,0
BRDA:99,5,1,12
BRF:12
BRH:11
end_of_record
TN:
SF:components/controls-list/controls-list.tsx
FN:29,(anonymous_0)
FN:34,(anonymous_1)
FN:49,(anonymous_2)
FN:73,(anonymous_3)
FNF:4
FNH:4
FNDA:157,(anonymous_0)
FNDA:81,(anonymous_1)
FNDA:81,(anonymous_2)
FNDA:81,(anonymous_3)
DA:29,38
DA:34,157
DA:35,81
DA:37,34
DA:39,47
DA:41,0
DA:44,157
DA:45,157
DA:47,157
DA:50,81
DA:74,81
LF:11
LH:10
BRDA:35,0,0,34
BRDA:35,0,1,47
BRDA:35,0,2,0
BRDA:75,1,0,81
BRDA:75,1,1,42
BRDA:94,2,0,42
BRDA:94,2,1,23
BRDA:102,3,0,42
BRDA:102,3,1,19
BRDA:119,4,0,81
BRDA:119,4,1,39
BRDA:138,5,0,39
BRDA:138,5,1,24
BRDA:146,6,0,39
BRDA:146,6,1,15
BRF:15
BRH:14
end_of_record
TN:
SF:components/controls-list/delete-control.tsx
FN:27,(anonymous_0)
FN:41,(anonymous_1)
FNF:2
FNH:2
FNDA:163,(anonymous_0)
FNDA:22,(anonymous_1)
DA:27,38
DA:32,163
DA:33,163
DA:34,163
DA:35,163
DA:39,163
DA:41,163
DA:42,22
DA:43,22
DA:44,19
DA:45,19
DA:49,19
DA:51,0
DA:58,163
DA:99,38
LF:15
LH:14
BRF:0
BRH:0
end_of_record
TN:
SF:components/controls-list/index.ts
FNF:0
FNH:0
LF:0
LH:0
BRF:0
BRH:0
end_of_record
TN:
SF:components/discovery-list/discovery-list-item.tsx
FN:23,(anonymous_0)
FN:102,(anonymous_1)
FN:103,(anonymous_2)
FNF:3
FNH:3
FNDA:10,(anonymous_0)
FNDA:10,(anonymous_1)
FNDA:18,(anonymous_2)
DA:23,3
DA:24,10
DA:103,10
DA:104,18
LF:4
LH:4
BRDA:47,0,0,10
BRDA:47,0,1,0
BRDA:66,1,0,10
BRDA:66,1,1,0
BRDA:69,2,0,0
BRDA:69,2,1,0
BRDA:85,3,0,10
BRDA:85,3,1,10
BRDA:87,4,0,10
BRDA:87,4,1,10
BRDA:92,5,0,10
BRDA:92,5,1,0
BRDA:100,6,0,10
BRDA:100,6,1,10
BRF:14
BRH:9
end_of_record
TN:
SF:components/discovery-list/discovery-list.tsx
FN:11,(anonymous_0)
FN:21,(anonymous_1)
FNF:2
FNH:2
FNDA:6,(anonymous_0)
FNDA:10,(anonymous_1)
DA:11,3
DA:12,6
DA:22,10
LF:3
LH:3
BRF:0
BRH:0
end_of_record
TN:
SF:components/discovery-list/index.ts
FNF:0
FNH:0
LF:0
LH:0
BRF:0
BRH:0
end_of_record
TN:
SF:components/docs/doc-header.tsx
FN:3,flatten
FN:14,(anonymous_1)
FNF:2
FNH:0
FNDA:0,flatten
FNDA:0,(anonymous_1)
DA:4,0
DA:14,3
DA:15,0
DA:16,0
DA:17,0
DA:19,0
LF:6
LH:1
BRDA:4,0,0,0
BRDA:4,0,1,0
BRF:2
BRH:0
end_of_record
TN:
SF:components/docs/index.ts
FNF:0
FNH:0
LF:0
LH:0
BRF:0
BRH:0
end_of_record
TN:
SF:components/docs/internal-link.tsx
FN:10,(anonymous_0)
FNF:1
FNH:0
FNDA:0,(anonymous_0)
DA:10,3
DA:11,0
DA:12,0
DA:26,0
LF:4
LH:1
BRDA:11,0,0,0
BRDA:11,0,1,0
BRF:2
BRH:0
end_of_record
TN:
SF:components/empty-pane/empty-pane.tsx
FN:11,(anonymous_0)
FNF:1
FNH:1
FNDA:9,(anonymous_0)
DA:11,20
DA:17,9
LF:2
LH:2
BRDA:31,0,0,9
BRDA:31,0,1,0
BRDA:32,1,0,9
BRDA:32,1,1,9
BRF:4
BRH:3
end_of_record
TN:
SF:components/empty-pane/index.ts
FNF:0
FNH:0
LF:0
LH:0
BRF:0
BRH:0
end_of_record
TN:
SF:components/environment-config/credential-issuer-select.tsx
FN:22,(anonymous_0)
FN:54,(anonymous_1)
FN:58,(anonymous_2)
FNF:3
FNH:3
FNDA:30,(anonymous_0)
FNDA:72,(anonymous_1)
FNDA:72,(anonymous_2)
DA:6,8
DA:22,8
DA:26,30
DA:27,30
DA:38,30
DA:39,6
DA:42,24
DA:55,72
DA:58,72
LF:9
LH:9
BRDA:38,0,0,6
BRDA:38,0,1,24
BRF:2
BRH:2
end_of_record
TN:
SF:components/environment-config/environment-config.tsx
FN:35,(anonymous_0)
FN:49,(anonymous_1)
FN:50,(anonymous_2)
FN:56,(anonymous_3)
FN:61,(anonymous_4)
FN:66,(anonymous_5)
FN:78,(anonymous_6)
FN:103,(anonymous_7)
FN:112,(anonymous_8)
FN:115,(anonymous_9)
FN:123,(anonymous_10)
FN:239,(anonymous_11)
FNF:12
FNH:10
FNDA:80,(anonymous_0)
FNDA:8,(anonymous_1)
FNDA:8,(anonymous_2)
FNDA:8,(anonymous_3)
FNDA:226,(anonymous_4)
FNDA:8,(anonymous_5)
FNDA:16,(anonymous_6)
FNDA:0,(anonymous_7)
FNDA:8,(anonymous_8)
FNDA:0,(anonymous_9)
FNDA:480,(anonymous_10)
FNDA:288,(anonymous_11)
DA:35,8
DA:36,80
DA:37,80
DA:38,80
DA:39,80
DA:40,80
DA:49,80
DA:50,8
DA:54,80
DA:55,80
DA:57,8
DA:61,80
DA:62,226
DA:63,8
DA:66,80
DA:67,8
DA:68,8
DA:69,8
DA:78,8
DA:79,16
DA:80,14
DA:84,2
DA:88,8
DA:89,8
DA:93,8
DA:94,8
DA:98,8
DA:100,0
DA:104,0
DA:112,80
DA:113,8
DA:115,80
DA:116,0
DA:117,0
DA:119,0
DA:120,0
DA:123,80
DA:124,480
DA:125,80
DA:127,400
DA:130,80
DA:240,288
LF:42
LH:36
BRDA:35,0,0,0
BRDA:62,1,0,8
BRDA:62,1,1,218
BRDA:79,2,0,14
BRDA:79,2,1,2
BRDA:79,3,0,16
BRDA:79,3,1,14
BRDA:104,4,0,0
BRDA:104,4,1,0
BRDA:116,5,0,0
BRDA:116,5,1,0
BRDA:124,6,0,80
BRDA:124,6,1,400
BRDA:142,7,0,8
BRDA:142,7,1,72
BRDA:143,8,0,8
BRDA:143,8,1,72
BRDA:147,9,0,8
BRDA:147,9,1,72
BRDA:155,10,0,80
BRDA:155,10,1,32
BRDA:169,11,0,80
BRDA:169,11,1,32
BRDA:173,12,0,32
BRDA:173,12,1,8
BRDA:181,13,0,80
BRDA:181,13,1,48
BRDA:184,14,0,0
BRDA:184,14,1,48
BRDA:192,15,0,0
BRDA:192,15,1,48
BRDA:246,16,0,48
BRDA:246,16,1,24
BRDA:246,16,2,24
BRF:34
BRH:27
end_of_record
TN:
SF:components/environment-config/index.ts
FNF:0
FNH:0
LF:0
LH:0
BRF:0
BRH:0
end_of_record
TN:
SF:components/environment-config/legal-select.tsx
FN:20,(anonymous_0)
FN:48,(anonymous_1)
FNF:2
FNH:2
FNDA:56,(anonymous_0)
FNDA:48,(anonymous_1)
DA:6,8
DA:20,8
DA:21,56
DA:31,56
DA:32,8
DA:35,48
DA:49,48
LF:7
LH:7
BRDA:31,0,0,8
BRDA:31,0,1,48
BRF:2
BRH:2
end_of_record
TN:
SF:components/environment-nav/environment-nav.tsx
FN:19,(anonymous_0)
FN:21,(anonymous_1)
FN:21,(anonymous_2)
FN:38,(anonymous_3)
FN:39,(anonymous_4)
FNF:5
FNH:4
FNDA:32,(anonymous_0)
FNDA:24,(anonymous_1)
FNDA:0,(anonymous_2)
FNDA:56,(anonymous_3)
FNDA:24,(anonymous_4)
DA:19,8
DA:20,32
DA:21,32
DA:22,0
DA:25,32
DA:38,56
DA:40,24
LF:7
LH:6
BRDA:19,0,0,0
BRF:1
BRH:0
end_of_record
TN:
SF:components/environment-nav/index.ts
FNF:0
FNH:0
LF:0
LH:0
BRF:0
BRH:0
end_of_record
TN:
SF:components/environment-plugins/environment-plugins.tsx
FN:25,(anonymous_0)
FNF:1
FNH:1
FNDA:38,(anonymous_0)
DA:17,8
DA:25,8
DA:26,38
DA:28,38
DA:30,38
DA:31,12
DA:32,12
DA:43,12
DA:44,6
DA:46,6
DA:49,32
DA:59,32
LF:12
LH:12
BRDA:30,0,0,12
BRDA:30,0,1,26
BRDA:43,1,0,6
BRDA:43,1,1,6
BRDA:60,2,0,32
BRDA:60,2,1,8
BRF:6
BRH:6
end_of_record
TN:
SF:components/environment-plugins/index.ts
FNF:0
FNH:0
LF:0
LH:0
BRF:0
BRH:0
end_of_record
TN:
SF:components/environment-plugins/templates/jwt-keycloak.ts
FN:1,JwtKeycloak
FN:6,(anonymous_1)
FNF:2
FNH:2
FNDA:32,JwtKeycloak
FNDA:6,(anonymous_1)
DA:2,32
DA:3,26
DA:5,6
DA:6,6
DA:7,6
DA:8,0
DA:10,6
LF:7
LH:6
BRDA:2,0,0,26
BRDA:2,0,1,6
BRDA:2,1,0,32
BRDA:2,1,1,6
BRDA:7,2,0,0
BRDA:7,2,1,6
BRF:6
BRH:5
end_of_record
TN:
SF:components/environment-plugins/templates/kong-acl-only.ts
FN:1,KongAclOnly
FNF:1
FNH:1
FNDA:32,KongAclOnly
DA:2,32
LF:1
LH:1
BRF:0
BRH:0
end_of_record
TN:
SF:components/environment-plugins/templates/kong-api-key-acl.ts
FN:1,KongApiKeyAcl
FNF:1
FNH:1
FNDA:32,KongApiKeyAcl
DA:2,32
LF:1
LH:1
BRF:0
BRH:0
end_of_record
TN:
SF:components/environment-plugins/templates/kong-api-key-only.ts
FN:1,KongApiKeyAcl
FNF:1
FNH:1
FNDA:32,KongApiKeyAcl
DA:2,32
LF:1
LH:1
BRF:0
BRH:0
end_of_record
TN:
SF:components/environments-list/delete-environment.tsx
FN:23,(anonymous_0)
FN:29,(anonymous_1)
FN:30,(anonymous_2)
FN:31,(anonymous_3)
FNF:4
FNH:1
FNDA:48,(anonymous_0)
FNDA:0,(anonymous_1)
FNDA:0,(anonymous_2)
FNDA:0,(anonymous_3)
DA:23,14
DA:24,48
DA:25,48
DA:26,48
DA:27,48
DA:28,48
DA:29,48
DA:30,48
DA:31,48
DA:32,0
DA:33,0
DA:34,0
DA:35,0
DA:36,0
DA:41,0
DA:48,48
LF:16
LH:10
BRF:0
BRH:0
end_of_record
TN:
SF:components/environments-list/environments-list.tsx
FN:27,(anonymous_0)
FN:36,(anonymous_1)
FN:36,(anonymous_2)
FN:61,(anonymous_3)
FN:112,(anonymous_4)
FNF:5
FNH:3
FNDA:34,(anonymous_0)
FNDA:48,(anonymous_1)
FNDA:0,(anonymous_2)
FNDA:48,(anonymous_3)
FNDA:0,(anonymous_4)
DA:27,14
DA:31,34
DA:32,34
DA:33,34
DA:36,48
DA:39,0
DA:40,0
DA:44,0
DA:45,0
DA:52,0
DA:59,34
DA:62,48
DA:113,0
LF:13
LH:7
BRDA:46,0,0,0
BRDA:46,0,1,0
BRDA:49,1,0,0
BRDA:49,1,1,0
BRDA:70,2,0,36
BRDA:70,2,1,12
BRDA:72,3,0,34
BRDA:72,3,1,14
BRDA:73,4,0,36
BRDA:73,4,1,12
BRF:10
BRH:6
end_of_record
TN:
SF:components/environments-list/index.ts
FNF:0
FNH:0
LF:0
LH:0
BRF:0
BRH:0
end_of_record
TN:
SF:components/forms/fieldset-box.tsx
FN:15,(anonymous_0)
FNF:1
FNH:1
FNDA:36,(anonymous_0)
DA:15,3
DA:20,36
LF:2
LH:2
BRF:0
BRH:0
end_of_record
TN:
SF:components/forms/index.ts
FNF:0
FNH:0
LF:0
LH:0
BRF:0
BRH:0
end_of_record
TN:
SF:components/forms/list-input.tsx
FN:33,(anonymous_0)
FN:45,(anonymous_1)
FN:56,(anonymous_2)
FN:59,(anonymous_3)
FN:64,(anonymous_4)
FN:65,(anonymous_5)
FN:66,(anonymous_6)
FN:71,(anonymous_7)
FN:77,(anonymous_8)
FN:92,(anonymous_9)
FN:92,(anonymous_10)
FN:93,(anonymous_11)
FN:93,(anonymous_12)
FN:103,(anonymous_13)
FNF:14
FNH:3
FNDA:36,(anonymous_0)
FNDA:18,(anonymous_1)
FNDA:18,(anonymous_2)
FNDA:0,(anonymous_3)
FNDA:0,(anonymous_4)
FNDA:0,(anonymous_5)
FNDA:0,(anonymous_6)
FNDA:0,(anonymous_7)
FNDA:0,(anonymous_8)
FNDA:0,(anonymous_9)
FNDA:0,(anonymous_10)
FNDA:0,(anonymous_11)
FNDA:0,(anonymous_12)
FNDA:0,(anonymous_13)
DA:33,6
DA:42,36
DA:43,36
DA:44,36
DA:45,36
DA:46,18
DA:47,18
DA:48,0
DA:50,18
DA:53,18
DA:56,36
DA:57,18
DA:58,18
DA:59,18
DA:61,18
DA:64,36
DA:65,0
DA:66,0
DA:67,0
DA:70,36
DA:72,0
DA:73,0
DA:74,0
DA:76,0
DA:77,0
DA:80,0
DA:83,0
DA:84,0
DA:87,0
DA:91,36
DA:92,0
DA:93,0
DA:98,36
DA:104,0
LF:34
LH:18
BRDA:34,0,0,0
BRDA:37,1,0,36
BRDA:39,2,0,36
BRDA:47,3,0,0
BRDA:47,3,1,18
BRDA:58,4,0,18
BRDA:58,4,1,0
BRDA:72,5,0,0
BRDA:72,5,1,0
BRDA:76,6,0,0
BRDA:76,6,1,0
BRDA:83,7,0,0
BRDA:83,7,1,0
BRDA:121,8,0,36
BRDA:121,8,1,0
BRDA:132,9,0,36
BRDA:132,9,1,36
BRF:17
BRH:7
end_of_record
TN:
SF:components/forms/radio-card.tsx
FN:10,(anonymous_0)
FNF:1
FNH:1
FNDA:57,(anonymous_0)
DA:10,3
DA:14,57
DA:15,57
DA:16,57
DA:18,57
LF:5
LH:5
BRDA:11,0,0,0
BRF:1
BRH:0
end_of_record
TN:
SF:components/forms/radio-group.tsx
FN:22,(anonymous_0)
FN:39,(anonymous_1)
FNF:2
FNH:2
FNDA:12,(anonymous_0)
FNDA:28,(anonymous_1)
DA:22,3
DA:29,12
DA:35,12
DA:37,12
DA:40,28
DA:41,28
LF:6
LH:6
BRDA:23,0,0,12
BRF:1
BRH:1
end_of_record
TN:
SF:components/grant-access-dialog/grant-access-dialog.tsx
FN:38,(anonymous_0)
FN:50,(anonymous_1)
FN:69,(anonymous_2)
FN:73,(anonymous_3)
FN:119,(anonymous_4)
FNF:5
FNH:4
FNDA:24,(anonymous_0)
FNDA:6,(anonymous_1)
FNDA:0,(anonymous_2)
FNDA:6,(anonymous_3)
FNDA:144,(anonymous_4)
DA:38,6
DA:44,24
DA:45,24
DA:46,24
DA:47,24
DA:48,24
DA:49,24
DA:50,24
DA:51,6
DA:52,6
DA:54,6
DA:62,2
DA:66,2
DA:67,2
DA:69,24
DA:70,0
DA:71,0
DA:73,24
DA:74,6
DA:75,6
DA:79,24
DA:120,144
DA:148,6
LF:23
LH:21
BRDA:74,0,0,6
BRDA:74,0,1,0
BRDA:99,1,0,24
BRDA:99,1,1,0
BRF:4
BRH:2
end_of_record
TN:
SF:components/grant-access-dialog/index.ts
FNF:0
FNH:0
LF:0
LH:0
BRF:0
BRH:0
end_of_record
TN:
SF:components/grant-service-account-dialog/grant-access-dialog.tsx
FN:38,(anonymous_0)
FN:50,(anonymous_1)
FN:73,(anonymous_2)
FN:77,(anonymous_3)
FN:121,(anonymous_4)
FNF:5
FNH:2
FNDA:8,(anonymous_0)
FNDA:0,(anonymous_1)
FNDA:0,(anonymous_2)
FNDA:0,(anonymous_3)
FNDA:48,(anonymous_4)
DA:38,6
DA:44,8
DA:45,8
DA:46,8
DA:47,8
DA:48,8
DA:49,8
DA:50,8
DA:51,0
DA:52,0
DA:54,0
DA:56,0
DA:66,0
DA:70,0
DA:71,0
DA:73,8
DA:74,0
DA:75,0
DA:77,8
DA:78,0
DA:79,0
DA:83,8
DA:122,48
DA:150,6
LF:24
LH:13
BRDA:78,0,0,0
BRDA:78,0,1,0
BRDA:102,1,0,8
BRDA:102,1,1,0
BRF:4
BRH:1
end_of_record
TN:
SF:components/grant-service-account-dialog/index.ts
FNF:0
FNH:0
LF:0
LH:0
BRF:0
BRH:0
end_of_record
TN:
SF:components/header/header.tsx
FN:16,(anonymous_0)
FN:18,(anonymous_1)
FN:19,(anonymous_2)
FN:22,(anonymous_3)
FNF:4
FNH:2
FNDA:294,(anonymous_0)
FNDA:0,(anonymous_1)
FNDA:0,(anonymous_2)
FNDA:82,(anonymous_3)
DA:16,214
DA:17,294
DA:18,294
DA:19,0
DA:22,294
DA:23,82
DA:26,294
LF:7
LH:6
BRDA:50,0,0,0
BRDA:50,0,1,294
BRDA:72,1,0,0
BRDA:72,1,1,294
BRDA:76,2,0,294
BRDA:76,2,1,294
BRF:6
BRH:4
end_of_record
TN:
SF:components/header/index.ts
FNF:0
FNH:0
LF:0
LH:0
BRF:0
BRH:0
end_of_record
TN:
SF:components/header/mobile-nav-icon.tsx
FN:4,(anonymous_0)
FNF:1
FNH:1
FNDA:294,(anonymous_0)
DA:4,214
DA:5,294
LF:2
LH:2
BRF:0
BRH:0
end_of_record
TN:
SF:components/inline-permissions-list/index.ts
FNF:0
FNH:0
LF:0
LH:0
BRF:0
BRH:0
end_of_record
TN:
SF:components/inline-permissions-list/inline-permissions-list.tsx
FN:13,(anonymous_0)
FN:19,(anonymous_1)
FN:19,(anonymous_2)
FN:27,(anonymous_3)
FNF:4
FNH:3
FNDA:14,(anonymous_0)
FNDA:12,(anonymous_1)
FNDA:0,(anonymous_2)
FNDA:24,(anonymous_3)
DA:13,6
DA:18,14
DA:19,12
DA:20,0
DA:25,14
DA:28,24
LF:6
LH:5
BRDA:31,0,0,24
BRDA:31,0,1,12
BRF:2
BRH:2
end_of_record
TN:
SF:components/link-consumer/index.ts
FNF:0
FNH:0
LF:0
LH:0
BRF:0
BRH:0
end_of_record
TN:
SF:components/link-consumer/link-consumer.tsx
FN:35,(anonymous_0)
FN:44,(anonymous_1)
FN:57,(anonymous_2)
FN:61,(anonymous_3)
FNF:4
FNH:1
FNDA:123,(anonymous_0)
FNDA:0,(anonymous_1)
FNDA:0,(anonymous_2)
FNDA:0,(anonymous_3)
DA:35,39
DA:38,123
DA:39,123
DA:40,123
DA:41,123
DA:42,123
DA:43,123
DA:44,123
DA:45,0
DA:47,0
DA:50,0
DA:54,0
DA:55,0
DA:57,123
DA:58,0
DA:59,0
DA:61,123
DA:62,0
DA:63,0
DA:67,123
DA:120,39
LF:21
LH:12
BRDA:62,0,0,0
BRDA:62,0,1,0
BRDA:86,1,0,123
BRDA:86,1,1,0
BRF:4
BRH:1
end_of_record
TN:
SF:components/maintenance-banner/index.ts
FNF:0
FNH:0
LF:0
LH:0
BRF:0
BRH:0
end_of_record
TN:
SF:components/maintenance-banner/maintenance-banner-wrapper.tsx
FN:11,(anonymous_0)
FNF:1
FNH:1
FNDA:330,(anonymous_0)
DA:11,214
DA:14,330
DA:16,330
DA:17,330
DA:20,0
LF:5
LH:4
BRDA:16,0,0,330
BRDA:16,0,1,0
BRF:2
BRH:1
end_of_record
TN:
SF:components/maintenance-banner/maintenance-banner.tsx
FN:16,(anonymous_0)
FNF:1
FNH:0
FNDA:0,(anonymous_0)
DA:16,214
DA:20,0
LF:2
LH:1
BRDA:17,0,0,0
BRDA:18,1,0,0
BRF:2
BRH:0
end_of_record
TN:
SF:components/model-icon/model-icon.tsx
FN:21,(anonymous_0)
FNF:1
FNH:1
FNDA:238,(anonymous_0)
DA:11,38
DA:21,38
DA:22,238
LF:3
LH:3
BRF:0
BRH:0
end_of_record
TN:
SF:components/name-value/index.js
FNF:0
FNH:0
LF:0
LH:0
BRF:0
BRH:0
end_of_record
TN:
SF:components/name-value/name-value.tsx
FN:13,(anonymous_0)
FNF:1
FNH:1
FNDA:8,(anonymous_0)
DA:13,4
DA:14,8
DA:15,8
DA:16,8
LF:4
LH:4
BRF:0
BRH:0
end_of_record
TN:
SF:components/namespace-delete/index.ts
FNF:0
FNH:0
LF:0
LH:0
BRF:0
BRH:0
end_of_record
TN:
SF:components/namespace-delete/namespace-delete.tsx
FN:25,(anonymous_0)
FN:37,(anonymous_1)
FN:60,(anonymous_2)
FN:62,(anonymous_3)
FNF:4
FNH:0
FNDA:0,(anonymous_0)
FNDA:0,(anonymous_1)
FNDA:0,(anonymous_2)
FNDA:0,(anonymous_3)
DA:25,214
DA:29,0
DA:30,0
DA:31,0
DA:32,0
DA:33,0
DA:34,0
DA:35,0
DA:37,0
DA:38,0
DA:39,0
DA:41,0
DA:42,0
DA:43,0
DA:46,0
DA:50,0
DA:51,0
DA:53,0
DA:60,0
DA:62,0
DA:64,0
DA:96,214
LF:22
LH:2
BRDA:41,0,0,0
BRDA:41,0,1,0
BRDA:41,1,0,0
BRDA:41,1,1,0
BRF:4
BRH:0
end_of_record
TN:
SF:components/namespace-manager/export-report.tsx
FN:22,(anonymous_0)
FNF:1
FNH:0
FNDA:0,(anonymous_0)
DA:22,214
DA:23,0
DA:25,0
LF:3
LH:1
BRF:0
BRH:0
end_of_record
TN:
SF:components/namespace-manager/index.ts
FNF:0
FNH:0
LF:0
LH:0
BRF:0
BRH:0
end_of_record
TN:
SF:components/namespace-manager/namespace-manager.tsx
FN:34,(anonymous_0)
FN:43,(anonymous_1)
FN:43,(anonymous_2)
FN:48,(anonymous_3)
FN:84,(anonymous_4)
FNF:5
FNH:3
FNDA:251,(anonymous_0)
FNDA:384,(anonymous_1)
FNDA:0,(anonymous_2)
FNDA:0,(anonymous_3)
FNDA:384,(anonymous_4)
DA:34,214
DA:39,251
DA:42,251
DA:43,384
DA:44,0
DA:48,251
DA:49,0
DA:52,251
DA:85,384
LF:9
LH:7
BRDA:54,0,0,251
BRDA:54,0,1,0
BRDA:74,1,0,251
BRDA:74,1,1,33
BRF:4
BRH:3
end_of_record
TN:
SF:components/namespace-menu/index.ts
FNF:0
FNH:0
LF:0
LH:0
BRF:0
BRH:0
end_of_record
TN:
SF:components/namespace-menu/namespace-menu.tsx
FN:32,(anonymous_0)
FN:44,(anonymous_1)
FN:44,(anonymous_2)
FN:94,(anonymous_3)
FN:95,(anonymous_4)
FN:96,(anonymous_5)
FNF:6
FNH:6
FNDA:627,(anonymous_0)
FNDA:208,(anonymous_1)
FNDA:14,(anonymous_2)
FNDA:384,(anonymous_3)
FNDA:21,(anonymous_4)
FNDA:208,(anonymous_5)
DA:32,214
DA:33,627
DA:34,627
DA:35,627
DA:36,627
DA:37,627
DA:43,627
DA:44,208
DA:45,14
DA:49,14
DA:50,14
DA:51,14
DA:52,14
DA:53,14
DA:58,0
DA:59,0
DA:68,627
DA:94,384
DA:95,21
DA:97,208
DA:149,214
LF:21
LH:19
BRDA:81,0,0,627
BRDA:81,0,1,163
BRDA:86,1,0,627
BRDA:86,1,1,376
BRDA:87,2,0,627
BRDA:87,2,1,0
BRDA:90,3,0,627
BRDA:90,3,1,251
BRDA:90,3,2,218
BRDA:136,4,0,627
BRDA:136,4,1,251
BRF:11
BRH:10
end_of_record
TN:
SF:components/nav-bar/index.ts
FNF:0
FNH:0
LF:0
LH:0
BRF:0
BRH:0
end_of_record
TN:
SF:components/nav-bar/nav-bar.tsx
FN:30,(anonymous_0)
FN:33,(anonymous_1)
FN:35,(anonymous_2)
FN:37,(anonymous_3)
FN:41,(anonymous_4)
FN:68,(anonymous_5)
FNF:6
FNH:6
FNDA:330,(anonymous_0)
FNDA:4290,(anonymous_1)
FNDA:1980,(anonymous_2)
FNDA:2718,(anonymous_3)
FNDA:294,(anonymous_4)
FNDA:1454,(anonymous_5)
DA:7,214
DA:30,214
DA:31,330
DA:32,330
DA:33,4290
DA:36,1980
DA:37,2718
DA:41,330
DA:42,294
DA:43,294
DA:46,0
DA:49,330
DA:69,1454
LF:13
LH:12
BRDA:36,0,0,1980
BRDA:36,0,1,1320
BRDA:42,1,0,294
BRDA:42,1,1,0
BRDA:80,2,0,145
BRDA:80,2,1,1309
BRDA:80,3,0,1454
BRDA:80,3,1,1445
BRDA:86,4,0,0
BRDA:86,4,1,1454
BRDA:89,5,0,1454
BRDA:89,5,1,0
BRF:12
BRH:9
end_of_record
TN:
SF:components/new-application/index.ts
FNF:0
FNH:0
LF:0
LH:0
BRF:0
BRH:0
end_of_record
TN:
SF:components/new-application/new-application-dialog.tsx
FN:31,(anonymous_0)
FN:46,(anonymous_1)
FN:50,(anonymous_2)
FN:84,(anonymous_3)
FNF:4
FNH:4
FNDA:74,(anonymous_0)
FNDA:6,(anonymous_1)
FNDA:6,(anonymous_2)
FNDA:6,(anonymous_3)
DA:31,9
DA:38,74
DA:39,74
DA:40,74
DA:45,74
DA:46,74
DA:47,6
DA:48,6
DA:50,74
DA:51,6
DA:52,6
DA:53,6
DA:55,6
DA:56,6
DA:57,6
DA:58,6
DA:65,6
DA:70,6
DA:71,6
DA:72,6
DA:73,0
DA:77,0
DA:84,74
DA:86,74
DA:133,9
LF:25
LH:23
BRDA:51,0,0,6
BRDA:51,0,1,0
BRDA:55,1,0,6
BRDA:55,1,1,0
BRDA:72,2,0,0
BRDA:72,2,1,6
BRF:6
BRH:3
end_of_record
TN:
SF:components/new-application/new-application.tsx
FN:11,(anonymous_0)
FNF:1
FNH:1
FNDA:50,(anonymous_0)
DA:11,6
DA:15,50
DA:17,50
LF:3
LH:3
BRF:0
BRH:0
end_of_record
TN:
SF:components/new-namespace/index.ts
FNF:0
FNH:0
LF:0
LH:0
BRF:0
BRH:0
end_of_record
TN:
SF:components/new-namespace/new-namespace.tsx
FN:25,(anonymous_0)
FN:30,(anonymous_1)
FN:34,(anonymous_2)
FNF:3
FNH:2
FNDA:635,(anonymous_0)
FNDA:0,(anonymous_1)
FNDA:4,(anonymous_2)
DA:25,214
DA:26,635
DA:27,635
DA:28,635
DA:29,635
DA:30,635
DA:31,0
DA:32,0
DA:34,635
DA:35,4
DA:36,4
DA:38,4
DA:39,4
DA:40,4
DA:41,4
DA:45,4
DA:49,4
DA:52,4
DA:53,4
DA:57,4
DA:59,0
DA:69,635
DA:111,214
LF:23
LH:20
BRDA:35,0,0,4
BRDA:35,0,1,0
BRDA:38,1,0,4
BRDA:38,1,1,0
BRF:4
BRH:2
end_of_record
TN:
SF:components/new-product/index.ts
FNF:0
FNH:0
LF:0
LH:0
BRF:0
BRH:0
end_of_record
TN:
SF:components/new-product/new-product-dialog.tsx
FN:33,(anonymous_0)
FN:45,(anonymous_1)
FN:49,(anonymous_2)
FNF:3
FNH:2
FNDA:51,(anonymous_0)
FNDA:0,(anonymous_1)
FNDA:4,(anonymous_2)
DA:33,14
DA:37,51
DA:38,51
DA:39,51
DA:40,51
DA:44,51
DA:45,51
DA:46,0
DA:47,0
DA:49,51
DA:50,4
DA:51,4
DA:53,4
DA:54,4
DA:55,4
DA:56,4
DA:57,4
DA:60,4
DA:65,2
DA:66,2
DA:71,2
DA:73,0
DA:82,51
LF:23
LH:20
BRDA:50,0,0,4
BRDA:50,0,1,0
BRDA:53,1,0,4
BRDA:53,1,1,0
BRF:4
BRH:2
end_of_record
TN:
SF:components/new-product/new-product.tsx
FN:7,(anonymous_0)
FNF:1
FNH:1
FNDA:37,(anonymous_0)
DA:7,14
DA:8,37
DA:10,37
LF:3
LH:3
BRF:0
BRH:0
end_of_record
TN:
SF:components/ns-breadcrumb/index.ts
FNF:0
FNH:0
LF:0
LH:0
BRF:0
BRH:0
end_of_record
TN:
SF:components/ns-breadcrumb/ns-breadcrumb.tsx
FN:5,(anonymous_0)
FNF:1
FNH:1
FNDA:307,(anonymous_0)
DA:5,57
DA:6,307
DA:8,307
LF:3
LH:3
BRDA:5,0,0,34
BRDA:8,1,0,307
BRDA:8,1,1,0
BRF:3
BRH:2
end_of_record
TN:
SF:components/page-header/index.ts
FNF:0
FNH:0
LF:0
LH:0
BRF:0
BRH:0
end_of_record
TN:
SF:components/page-header/page-header.tsx
FN:20,(anonymous_0)
FN:37,(anonymous_1)
FNF:2
FNH:2
FNDA:427,(anonymous_0)
FNDA:1010,(anonymous_1)
DA:20,78
DA:26,427
DA:38,1010
LF:3
LH:3
BRDA:27,0,0,57
BRDA:27,0,1,370
BRDA:29,1,0,427
BRDA:29,1,1,370
BRDA:36,2,0,370
BRDA:36,2,1,370
BRDA:39,3,0,1010
BRDA:39,3,1,978
BRDA:46,4,0,1010
BRDA:46,4,1,32
BRF:10
BRH:10
end_of_record
TN:
SF:components/products-list/add-environment.tsx
FN:30,(anonymous_0)
FN:41,(anonymous_1)
FN:41,(anonymous_2)
FN:70,(anonymous_3)
FN:71,(anonymous_4)
FNF:5
FNH:5
FNDA:42,(anonymous_0)
FNDA:150,(anonymous_1)
FNDA:4,(anonymous_2)
FNDA:210,(anonymous_3)
FNDA:150,(anonymous_4)
DA:15,14
DA:30,14
DA:36,42
DA:37,42
DA:38,42
DA:41,150
DA:42,4
DA:43,4
DA:44,4
DA:45,4
DA:51,0
DA:59,42
DA:70,210
DA:72,150
LF:14
LH:13
BRF:0
BRH:0
end_of_record
TN:
SF:components/products-list/dataset-input.tsx
FN:21,(anonymous_0)
FN:37,(anonymous_1)
FN:47,(anonymous_2)
FN:60,(anonymous_3)
FN:64,(anonymous_4)
FN:111,(anonymous_5)
FN:112,(anonymous_6)
FNF:7
FNH:7
FNDA:14,(anonymous_0)
FNDA:2,(anonymous_1)
FNDA:6,(anonymous_2)
FNDA:4,(anonymous_3)
FNDA:22,(anonymous_4)
FNDA:8,(anonymous_5)
FNDA:4,(anonymous_6)
DA:21,14
DA:22,14
DA:23,14
DA:24,14
DA:25,14
DA:36,14
DA:38,2
DA:39,2
DA:41,0
DA:46,14
DA:48,6
DA:49,4
DA:55,14
DA:60,4
DA:75,22
DA:111,8
DA:113,4
LF:17
LH:16
BRDA:38,0,0,2
BRDA:38,0,1,0
BRDA:48,1,0,4
BRDA:48,1,1,2
BRDA:60,2,0,4
BRDA:60,2,1,0
BRDA:106,3,0,8
BRDA:106,3,1,14
BRDA:108,4,0,22
BRDA:108,4,1,8
BRDA:108,4,2,4
BRDA:111,5,0,8
BRDA:111,5,1,8
BRDA:118,6,0,4
BRDA:118,6,1,0
BRDA:121,7,0,4
BRDA:121,7,1,0
BRDA:129,8,0,2
BRDA:129,8,1,2
BRDA:131,9,0,2
BRDA:131,9,1,2
BRDA:134,10,0,0
BRDA:134,10,1,4
BRDA:148,11,0,8
BRDA:148,11,1,6
BRF:25
BRH:20
end_of_record
TN:
SF:components/products-list/delete-product.tsx
FN:21,(anonymous_0)
FN:25,(anonymous_1)
FN:27,(anonymous_2)
FN:31,(anonymous_3)
FNF:4
FNH:1
FNDA:6,(anonymous_0)
FNDA:0,(anonymous_1)
FNDA:0,(anonymous_2)
FNDA:0,(anonymous_3)
DA:21,14
DA:22,6
DA:23,6
DA:24,6
DA:25,6
DA:26,6
DA:27,6
DA:28,0
DA:30,6
DA:31,6
DA:32,0
DA:33,0
DA:34,0
DA:38,0
DA:39,0
DA:40,0
DA:42,0
DA:49,6
LF:18
LH:10
BRF:0
BRH:0
end_of_record
TN:
SF:components/products-list/edit-product.tsx
FN:34,(anonymous_0)
FN:40,(anonymous_1)
FN:78,(anonymous_2)
FN:84,(anonymous_3)
FNF:4
FNH:3
FNDA:42,(anonymous_0)
FNDA:2,(anonymous_1)
FNDA:2,(anonymous_2)
FNDA:0,(anonymous_3)
DA:34,14
DA:35,42
DA:36,42
DA:37,42
DA:38,42
DA:39,42
DA:40,42
DA:41,2
DA:42,2
DA:43,2
DA:47,2
DA:48,4
DA:49,2
DA:50,2
DA:56,0
DA:63,2
DA:64,2
DA:65,2
DA:66,2
DA:71,0
DA:72,0
DA:78,42
DA:79,2
DA:80,2
DA:83,42
DA:85,0
DA:86,0
DA:91,42
LF:28
LH:23
BRDA:48,0,0,2
BRDA:48,0,1,2
BRDA:49,1,0,2
BRDA:49,1,1,0
BRDA:79,2,0,2
BRDA:79,2,1,0
BRF:6
BRH:4
end_of_record
TN:
SF:components/products-list/index.ts
FNF:0
FNH:0
LF:0
LH:0
BRF:0
BRH:0
end_of_record
TN:
SF:components/products-list/products-list.tsx
FN:16,(anonymous_0)
FN:19,(anonymous_1)
FN:37,(anonymous_2)
FN:79,(anonymous_3)
FN:112,(anonymous_4)
FNF:5
FNH:4
FNDA:44,(anonymous_0)
FNDA:22,(anonymous_1)
FNDA:34,(anonymous_2)
FNDA:48,(anonymous_3)
FNDA:0,(anonymous_4)
DA:16,14
DA:17,44
DA:19,22
DA:25,30
DA:26,3
DA:35,27
DA:38,34
DA:79,48
DA:112,0
LF:9
LH:8
BRDA:25,0,0,3
BRDA:25,0,1,27
BRDA:55,1,0,34
BRDA:55,1,1,0
BRDA:56,2,0,34
BRDA:56,2,1,0
BRDA:67,3,0,14
BRDA:67,3,1,20
BRDA:76,4,0,34
BRDA:76,4,1,34
BRDA:103,5,0,34
BRDA:103,5,1,0
BRDA:120,6,0,34
BRDA:120,6,1,34
BRF:14
BRH:11
end_of_record
TN:
SF:components/products-list/queries.ts
FNF:0
FNH:0
DA:3,14
LF:1
LH:1
BRF:0
BRH:0
end_of_record
TN:
SF:components/profile-card/index.ts
FNF:0
FNH:0
LF:0
LH:0
BRF:0
BRH:0
end_of_record
TN:
SF:components/profile-card/profile-card.tsx
FN:11,(anonymous_0)
FNF:1
FNH:1
FNDA:18,(anonymous_0)
DA:11,6
DA:16,18
DA:18,18
LF:3
LH:3
BRDA:20,0,0,0
BRDA:20,0,1,18
BRDA:21,1,0,0
BRDA:21,1,1,18
BRF:4
BRH:2
end_of_record
TN:
SF:components/request-actions/index.ts
FNF:0
FNH:0
LF:0
LH:0
BRF:0
BRH:0
end_of_record
TN:
SF:components/request-actions/request-actions.tsx
FN:15,(anonymous_0)
FN:27,(anonymous_1)
FN:43,(anonymous_2)
FNF:3
FNH:2
FNDA:16,(anonymous_0)
FNDA:0,(anonymous_1)
FNDA:4,(anonymous_2)
DA:15,4
DA:20,16
DA:21,16
DA:22,16
DA:25,16
DA:27,16
DA:28,0
DA:29,0
DA:30,0
DA:34,0
DA:36,0
DA:43,16
DA:44,4
DA:45,4
DA:46,2
DA:50,2
DA:52,0
DA:59,16
DA:85,4
DA:101,4
LF:20
LH:14
BRF:0
BRH:0
end_of_record
TN:
SF:components/resources-manager/index.ts
FNF:0
FNH:0
LF:0
LH:0
BRF:0
BRH:0
end_of_record
TN:
SF:components/resources-manager/resources-manager-dialog.tsx
FN:24,(anonymous_0)
FNF:1
FNH:0
FNDA:0,(anonymous_0)
DA:24,6
DA:32,0
LF:2
LH:1
BRF:0
BRH:0
end_of_record
TN:
SF:components/resources-manager/resources-manager.tsx
FN:15,(anonymous_0)
FNF:1
FNH:0
FNDA:0,(anonymous_0)
DA:15,6
DA:21,0
DA:23,0
LF:3
LH:1
BRF:0
BRH:0
end_of_record
TN:
SF:components/section/index.ts
FNF:0
FNH:0
LF:0
LH:0
BRF:0
BRH:0
end_of_record
TN:
SF:components/section/section.tsx
FN:10,(anonymous_0)
FNF:1
FNH:1
FNDA:60,(anonymous_0)
DA:10,6
DA:11,60
LF:2
LH:2
BRDA:20,0,0,60
BRDA:20,0,1,12
BRF:2
BRH:2
end_of_record
TN:
SF:components/service-account-create/index.ts
FNF:0
FNH:0
LF:0
LH:0
BRF:0
BRH:0
end_of_record
TN:
SF:components/service-account-create/service-account-create.tsx
FN:33,(anonymous_0)
FN:47,(anonymous_1)
FN:71,(anonymous_2)
FN:105,(anonymous_3)
FNF:4
FNH:3
FNDA:72,(anonymous_0)
FNDA:4,(anonymous_1)
FNDA:0,(anonymous_2)
FNDA:240,(anonymous_3)
DA:33,4
DA:36,72
DA:37,72
DA:44,72
DA:45,72
DA:46,72
DA:47,72
DA:48,4
DA:49,4
DA:50,4
DA:55,4
DA:56,4
DA:59,4
DA:63,4
DA:65,0
DA:71,72
DA:72,0
DA:73,0
DA:76,72
DA:106,240
DA:145,4
DA:158,4
LF:22
LH:19
BRDA:55,0,0,4
BRDA:55,0,1,0
BRDA:104,1,0,72
BRDA:104,1,1,40
BRF:4
BRH:3
end_of_record
TN:
SF:components/service-account-delete/service-account-delete.tsx
FN:25,(anonymous_0)
FN:32,(anonymous_1)
FNF:2
FNH:1
FNDA:4,(anonymous_0)
FNDA:0,(anonymous_1)
DA:25,4
DA:26,4
DA:27,4
DA:28,4
DA:29,4
DA:30,4
DA:32,4
DA:33,0
DA:34,0
DA:35,0
DA:36,0
DA:40,0
DA:42,0
DA:49,4
DA:90,4
LF:15
LH:9
BRF:0
BRH:0
end_of_record
TN:
SF:components/service-accounts-list/index.ts
FNF:0
FNH:0
LF:0
LH:0
BRF:0
BRH:0
end_of_record
TN:
SF:components/service-accounts-list/service-accounts-list.tsx
FN:28,(anonymous_0)
FN:37,(anonymous_1)
FN:39,(anonymous_2)
FN:69,(anonymous_3)
FN:70,(anonymous_4)
FN:80,(anonymous_5)
FN:81,(anonymous_6)
FN:91,(anonymous_7)
FNF:8
FNH:5
FNDA:8,(anonymous_0)
FNDA:6,(anonymous_1)
FNDA:0,(anonymous_2)
FNDA:14,(anonymous_3)
FNDA:4,(anonymous_4)
FNDA:12,(anonymous_5)
FNDA:0,(anonymous_6)
FNDA:0,(anonymous_7)
DA:28,6
DA:34,8
DA:35,8
DA:36,8
DA:37,8
DA:39,8
DA:40,0
DA:41,0
DA:42,0
DA:46,0
DA:48,0
DA:56,8
DA:69,14
DA:71,4
DA:80,12
DA:81,0
DA:91,0
DA:107,6
LF:18
LH:11
BRDA:73,0,0,4
BRDA:73,0,1,0
BRF:2
BRH:1
end_of_record
TN:
SF:components/services-manager/active-services.tsx
FN:31,(anonymous_0)
FN:48,(anonymous_1)
FN:56,(anonymous_2)
FN:63,(anonymous_3)
FN:63,(anonymous_4)
FN:65,(anonymous_5)
FN:66,(anonymous_6)
FN:143,(anonymous_7)
FN:145,(anonymous_8)
FNF:9
FNH:1
FNDA:32,(anonymous_0)
FNDA:0,(anonymous_1)
FNDA:0,(anonymous_2)
FNDA:0,(anonymous_3)
FNDA:0,(anonymous_4)
FNDA:0,(anonymous_5)
FNDA:0,(anonymous_6)
FNDA:0,(anonymous_7)
FNDA:0,(anonymous_8)
DA:31,8
DA:37,32
DA:47,32
DA:49,0
DA:50,0
DA:51,0
DA:55,32
DA:57,0
DA:58,0
DA:62,32
DA:63,0
DA:64,0
DA:65,0
DA:66,0
DA:67,0
DA:72,32
DA:143,0
DA:146,0
LF:18
LH:6
BRDA:32,0,0,0
BRDA:89,1,0,32
BRDA:89,1,1,0
BRDA:114,2,0,0
BRDA:114,2,1,32
BRDA:118,3,0,32
BRDA:118,3,1,32
BRF:7
BRH:4
end_of_record
TN:
SF:components/services-manager/available-services.tsx
FN:26,(anonymous_0)
FN:39,(anonymous_1)
FN:40,(anonymous_2)
FN:46,(anonymous_3)
FN:46,(anonymous_4)
FN:52,(anonymous_5)
FN:52,(anonymous_6)
FN:59,(anonymous_7)
FN:70,(anonymous_8)
FN:103,(anonymous_9)
FN:105,(anonymous_10)
FN:107,(anonymous_11)
FN:116,(anonymous_12)
FNF:13
FNH:6
FNDA:48,(anonymous_0)
FNDA:0,(anonymous_1)
FNDA:0,(anonymous_2)
FNDA:40,(anonymous_3)
FNDA:0,(anonymous_4)
FNDA:40,(anonymous_5)
FNDA:0,(anonymous_6)
FNDA:0,(anonymous_7)
FNDA:0,(anonymous_8)
FNDA:40,(anonymous_9)
FNDA:40,(anonymous_10)
FNDA:0,(anonymous_11)
FNDA:40,(anonymous_12)
DA:26,8
DA:33,48
DA:34,48
DA:38,40
DA:40,0
DA:41,0
DA:45,40
DA:46,40
DA:47,0
DA:51,40
DA:52,40
DA:53,0
DA:54,0
DA:58,40
DA:60,0
DA:61,0
DA:64,0
DA:69,40
DA:71,0
DA:76,40
DA:103,40
DA:105,40
DA:108,0
DA:109,0
DA:110,0
DA:111,0
DA:113,0
DA:117,40
LF:28
LH:14
BRDA:27,0,0,0
BRDA:60,1,0,0
BRDA:60,1,1,0
BRDA:101,2,0,40
BRDA:101,2,1,40
BRDA:108,3,0,0
BRDA:108,3,1,0
BRDA:110,4,0,0
BRDA:110,4,1,0
BRF:9
BRH:2
end_of_record
TN:
SF:components/services-manager/index.ts
FNF:0
FNH:0
LF:0
LH:0
BRF:0
BRH:0
end_of_record
TN:
SF:components/services-manager/services-manager.tsx
FN:47,(anonymous_0)
FN:62,(anonymous_1)
FN:78,(anonymous_2)
FN:91,(anonymous_3)
FN:96,(anonymous_4)
FN:157,(anonymous_5)
FN:170,(anonymous_6)
FNF:7
FNH:2
FNDA:32,(anonymous_0)
FNDA:0,(anonymous_1)
FNDA:0,(anonymous_2)
FNDA:0,(anonymous_3)
FNDA:0,(anonymous_4)
FNDA:288,(anonymous_5)
FNDA:0,(anonymous_6)
DA:47,8
DA:52,32
DA:53,32
DA:55,32
DA:58,32
DA:59,32
DA:61,32
DA:63,0
DA:64,0
DA:73,0
DA:75,0
DA:79,0
DA:90,32
DA:92,0
DA:96,32
DA:97,0
DA:100,32
DA:158,288
DA:170,0
LF:19
LH:11
BRDA:48,0,0,0
BRDA:79,1,0,0
BRDA:79,1,1,0
BRDA:132,2,0,0
BRDA:132,2,1,32
BRDA:161,3,0,160
BRDA:161,3,1,128
BRF:7
BRH:3
end_of_record
TN:
SF:components/table/index.ts
FNF:0
FNH:0
LF:0
LH:0
BRF:0
BRH:0
end_of_record
TN:
SF:components/table/table.tsx
FN:30,(anonymous_0)
FN:39,(anonymous_1)
FN:49,(anonymous_2)
FN:49,(anonymous_3)
FN:51,(anonymous_4)
FN:62,(anonymous_5)
FN:120,(anonymous_6)
FNF:7
FNH:5
FNDA:24,(anonymous_0)
FNDA:12,(anonymous_1)
FNDA:48,(anonymous_2)
FNDA:0,(anonymous_3)
FNDA:0,(anonymous_4)
FNDA:72,(anonymous_5)
FNDA:30,(anonymous_6)
DA:30,6
DA:37,24
DA:38,24
DA:39,24
DA:40,12
DA:42,12
DA:43,0
DA:46,12
DA:48,24
DA:49,48
DA:50,0
DA:51,0
DA:53,0
DA:58,24
DA:63,72
DA:120,30
LF:16
LH:12
BRDA:37,0,0,24
BRDA:37,0,1,0
BRDA:42,1,0,0
BRDA:42,1,1,12
BRDA:50,2,0,0
BRDA:50,2,1,0
BRDA:51,3,0,0
BRDA:51,3,1,0
BRDA:67,4,0,48
BRDA:67,4,1,24
BRDA:69,5,0,48
BRDA:69,5,1,24
BRDA:72,6,0,48
BRDA:72,6,1,24
BRDA:72,7,0,72
BRDA:72,7,1,72
BRDA:74,8,0,48
BRDA:74,8,1,24
BRDA:74,9,0,72
BRDA:74,9,1,72
BRDA:79,10,0,72
BRDA:79,10,1,72
BRDA:79,10,2,48
BRDA:89,11,0,0
BRDA:89,11,1,48
BRDA:89,12,0,48
BRDA:89,12,1,24
BRDA:102,13,0,24
BRDA:102,13,1,24
BRDA:102,14,0,48
BRDA:102,14,1,24
BRDA:115,15,0,24
BRDA:115,15,1,6
BRF:33
BRH:26
end_of_record
TN:
SF:components/tags-list/index.ts
FNF:0
FNH:0
LF:0
LH:0
BRF:0
BRH:0
end_of_record
TN:
SF:components/tags-list/tags-list.tsx
FN:11,(anonymous_0)
FN:21,(anonymous_1)
FNF:2
FNH:2
FNDA:80,(anonymous_0)
FNDA:80,(anonymous_1)
DA:11,39
DA:17,80
DA:19,80
DA:22,80
LF:4
LH:4
BRDA:17,0,0,0
BRDA:17,0,1,80
BRDA:17,1,0,80
BRDA:17,1,1,80
BRF:4
BRH:3
end_of_record
TN:
SF:components/users-access-list/index.ts
FNF:0
FNH:0
LF:0
LH:0
BRF:0
BRH:0
end_of_record
TN:
SF:components/users-access-list/users-access-list.tsx
FN:52,(anonymous_0)
FN:69,(anonymous_1)
FN:73,(anonymous_2)
FN:80,(anonymous_3)
FN:92,(anonymous_4)
FN:92,(anonymous_5)
FN:98,(anonymous_6)
FN:112,(anonymous_7)
FN:129,(anonymous_8)
FN:129,(anonymous_9)
FN:130,(anonymous_10)
FN:144,(anonymous_11)
FN:224,(anonymous_12)
FN:226,(anonymous_13)
FN:226,(anonymous_14)
FN:227,(anonymous_15)
FN:228,(anonymous_16)
FNF:17
FNH:11
FNDA:8,(anonymous_0)
FNDA:8,(anonymous_1)
FNDA:10,(anonymous_2)
FNDA:12,(anonymous_3)
FNDA:0,(anonymous_4)
FNDA:0,(anonymous_5)
FNDA:0,(anonymous_6)
FNDA:0,(anonymous_7)
FNDA:10,(anonymous_8)
FNDA:0,(anonymous_9)
FNDA:0,(anonymous_10)
FNDA:10,(anonymous_11)
FNDA:10,(anonymous_12)
FNDA:10,(anonymous_13)
FNDA:12,(anonymous_14)
FNDA:10,(anonymous_15)
FNDA:10,(anonymous_16)
DA:52,6
DA:59,8
DA:60,8
DA:61,8
DA:67,8
DA:68,8
DA:69,8
DA:70,8
DA:71,8
DA:73,8
DA:74,10
DA:75,10
DA:77,10
DA:80,12
DA:88,8
DA:92,8
DA:93,0
DA:94,0
DA:98,0
DA:100,0
DA:101,0
DA:106,0
DA:112,8
DA:113,0
DA:114,0
DA:115,0
DA:116,0
DA:120,0
DA:122,0
DA:129,10
DA:130,0
DA:131,0
DA:134,8
DA:145,10
DA:202,6
DA:208,6
DA:224,6
DA:225,10
DA:226,12
DA:227,10
DA:228,10
DA:230,10
LF:42
LH:28
BRDA:114,0,0,0
BRDA:114,0,1,0
BRDA:167,1,0,10
BRDA:167,1,1,10
BRDA:180,2,0,10
BRDA:180,2,1,0
BRF:6
BRH:3
end_of_record
TN:
SF:components/view-secret/index.ts
FNF:0
FNH:0
LF:0
LH:0
BRF:0
BRH:0
end_of_record
TN:
SF:components/view-secret/view-secret.tsx
FN:22,(anonymous_0)
FN:25,(anonymous_1)
FN:25,(anonymous_2)
FN:47,(anonymous_3)
FN:49,(anonymous_4)
FNF:5
FNH:4
FNDA:18,(anonymous_0)
FNDA:44,(anonymous_1)
FNDA:0,(anonymous_2)
FNDA:126,(anonymous_3)
FNDA:44,(anonymous_4)
DA:22,7
DA:23,18
DA:24,18
DA:25,44
DA:26,0
DA:27,0
DA:34,18
DA:47,126
DA:50,44
LF:9
LH:7
BRDA:47,0,0,126
BRDA:47,0,1,49
BRF:2
BRH:2
end_of_record
TN:
SF:components/yaml-viewer/index.ts
FNF:0
FNH:0
LF:0
LH:0
BRF:0
BRH:0
end_of_record
TN:
SF:components/yaml-viewer/yaml-viewer.tsx
FN:19,(anonymous_0)
FNF:1
FNH:1
FNDA:8,(anonymous_0)
DA:19,8
DA:20,8
LF:2
LH:2
BRF:0
BRH:0
end_of_record
TN:
SF:layouts/grid/grid.tsx
FN:8,(anonymous_0)
FNF:1
FNH:1
FNDA:181,(anonymous_0)
DA:8,136
DA:9,181
LF:2
LH:2
BRF:0
BRH:0
end_of_record
TN:
SF:layouts/grid/index.ts
FNF:0
FNH:0
LF:0
LH:0
BRF:0
BRH:0
end_of_record
TN:
SF:pages/_app.tsx
FN:57,(anonymous_0)
FN:60,(anonymous_1)
FN:134,(anonymous_2)
FNF:3
FNH:3
FNDA:281,(anonymous_0)
FNDA:281,(anonymous_1)
FNDA:1967,(anonymous_2)
DA:33,214
DA:57,214
DA:58,281
DA:59,281
DA:60,281
DA:64,281
DA:65,0
DA:67,281
DA:68,0
DA:71,281
DA:74,281
DA:75,214
DA:84,281
DA:135,1967
LF:14
LH:12
BRDA:64,0,0,0
BRDA:64,0,1,281
BRDA:67,1,0,0
BRDA:67,1,1,281
BRDA:74,2,0,214
BRDA:74,2,1,67
BRF:6
BRH:4
end_of_record
TN:
SF:pages/context.tsx
FN:5,AppWrapper
FN:15,useAppContext
FN:19,(anonymous_2)
FNF:3
FNH:1
FNDA:294,AppWrapper
FNDA:0,useAppContext
FNDA:0,(anonymous_2)
DA:3,214
DA:6,294
DA:8,294
DA:16,0
DA:19,214
LF:5
LH:4
BRF:0
BRH:0
end_of_record
TN:
SF:pages/index.tsx
FN:41,(anonymous_0)
FN:73,(anonymous_1)
FN:74,(anonymous_2)
FN:77,(anonymous_3)
FNF:4
FNH:4
FNDA:181,(anonymous_0)
FNDA:362,(anonymous_1)
FNDA:882,(anonymous_2)
FNDA:362,(anonymous_3)
DA:23,136
DA:41,136
DA:42,181
DA:44,181
DA:74,882
DA:78,362
LF:6
LH:6
BRDA:74,0,0,362
BRDA:74,0,1,362
BRF:2
BRH:2
end_of_record
TN:
SF:pages/devportal/api-directory/[id].tsx
FN:39,(anonymous_0)
FN:46,(anonymous_1)
FN:60,(anonymous_2)
FN:61,(anonymous_3)
FN:67,DetailItem
FN:134,(anonymous_5)
FN:145,(anonymous_6)
FNF:7
FNH:5
FNDA:0,(anonymous_0)
FNDA:0,(anonymous_1)
FNDA:6,(anonymous_2)
FNDA:3,(anonymous_3)
FNDA:24,DetailItem
FNDA:6,(anonymous_5)
FNDA:24,(anonymous_6)
DA:28,3
DA:39,3
DA:40,0
DA:41,0
DA:42,0
DA:44,0
DA:46,0
DA:49,0
DA:60,3
DA:61,6
DA:62,3
DA:68,24
DA:81,6
DA:135,6
DA:145,24
DA:159,3
DA:183,3
LF:17
LH:11
BRDA:74,0,0,24
BRDA:74,0,1,18
BRDA:75,1,0,24
BRDA:75,1,1,6
BRDA:75,2,0,6
BRDA:75,2,1,0
BRDA:92,3,0,6
BRDA:92,3,1,0
BRDA:116,4,0,6
BRDA:116,4,1,0
BRDA:145,5,0,6
BRDA:145,5,1,6
BRF:12
BRH:9
end_of_record
TN:
SF:pages/devportal/api-directory/index.tsx
FN:15,(anonymous_0)
FN:20,(anonymous_1)
FN:33,(anonymous_2)
FN:34,(anonymous_3)
FNF:4
FNH:2
FNDA:0,(anonymous_0)
FNDA:0,(anonymous_1)
FNDA:6,(anonymous_2)
FNDA:3,(anonymous_3)
DA:13,0
DA:15,3
DA:16,0
DA:18,0
DA:20,0
DA:23,0
DA:33,3
DA:34,6
DA:35,3
DA:38,6
LF:10
LH:5
BRDA:48,0,0,6
BRDA:48,0,1,0
BRF:2
BRH:1
end_of_record
TN:
SF:pages/devportal/applications/index.tsx
FN:39,(anonymous_0)
FN:44,(anonymous_1)
FN:59,(anonymous_2)
FN:73,(anonymous_3)
FN:73,(anonymous_4)
FN:74,(anonymous_5)
FN:80,(anonymous_6)
FN:80,(anonymous_7)
FN:142,(anonymous_8)
FNF:9
FNH:4
FNDA:0,(anonymous_0)
FNDA:0,(anonymous_1)
FNDA:24,(anonymous_2)
FNDA:30,(anonymous_3)
FNDA:0,(anonymous_4)
FNDA:0,(anonymous_5)
FNDA:30,(anonymous_6)
FNDA:0,(anonymous_7)
FNDA:30,(anonymous_8)
DA:37,6
DA:39,6
DA:40,0
DA:42,0
DA:45,0
DA:50,0
DA:59,6
DA:60,24
DA:61,24
DA:62,24
DA:63,24
DA:70,24
DA:72,24
DA:73,30
DA:74,0
DA:78,24
DA:79,24
DA:80,30
DA:81,0
DA:82,0
DA:83,0
DA:85,0
DA:86,0
DA:87,0
DA:92,0
DA:102,24
DA:108,24
DA:115,24
DA:143,30
DA:219,6
DA:237,6
LF:31
LH:19
BRDA:74,0,0,0
BRDA:74,0,1,0
BRDA:82,1,0,0
BRDA:82,1,1,0
BRDA:121,2,0,24
BRDA:121,2,1,0
BRDA:139,3,0,24
BRDA:139,3,1,0
BRDA:163,4,0,0
BRDA:163,4,1,30
BRDA:173,5,0,30
BRDA:173,5,1,0
BRF:12
BRH:4
end_of_record
TN:
SF:pages/devportal/requests/new/[id].tsx
FN:54,(anonymous_0)
FN:60,(anonymous_1)
FN:80,(anonymous_2)
FN:99,(anonymous_3)
FN:104,(anonymous_4)
FN:110,(anonymous_5)
FN:120,(anonymous_6)
FN:130,(anonymous_7)
FN:176,(anonymous_8)
FN:180,(anonymous_9)
FN:218,(anonymous_10)
FN:224,(anonymous_11)
FN:268,(anonymous_12)
FN:269,(anonymous_13)
FN:270,(anonymous_14)
FNF:15
FNH:11
FNDA:0,(anonymous_0)
FNDA:0,(anonymous_1)
FNDA:12,(anonymous_2)
FNDA:25,(anonymous_3)
FNDA:12,(anonymous_4)
FNDA:6,(anonymous_5)
FNDA:2,(anonymous_6)
FNDA:3,(anonymous_7)
FNDA:0,(anonymous_8)
FNDA:0,(anonymous_9)
FNDA:3,(anonymous_10)
FNDA:24,(anonymous_11)
FNDA:28,(anonymous_12)
FNDA:28,(anonymous_13)
FNDA:28,(anonymous_14)
DA:52,3
DA:54,3
DA:55,0
DA:56,0
DA:58,0
DA:61,0
DA:70,0
DA:80,3
DA:81,12
DA:82,12
DA:83,12
DA:84,12
DA:94,12
DA:95,12
DA:96,12
DA:97,12
DA:98,12
DA:99,25
DA:102,12
DA:104,12
DA:105,12
DA:106,0
DA:108,12
DA:110,12
DA:111,6
DA:115,6
DA:116,3
DA:118,3
DA:119,3
DA:120,2
DA:123,3
DA:127,3
DA:130,12
DA:131,3
DA:132,3
DA:133,3
DA:135,3
DA:136,0
DA:139,3
DA:140,3
DA:159,3
DA:160,3
DA:161,3
DA:165,3
DA:169,0
DA:176,12
DA:177,12
DA:178,12
DA:180,12
DA:181,0
DA:184,12
DA:219,3
DA:225,24
DA:268,28
DA:269,28
DA:270,28
DA:379,3
DA:422,3
LF:58
LH:49
BRDA:105,0,0,0
BRDA:105,0,1,12
BRDA:105,1,0,12
BRDA:105,1,1,12
BRDA:111,2,0,4
BRDA:111,2,1,2
BRDA:115,3,0,3
BRDA:115,3,1,3
BRDA:118,4,0,3
BRDA:118,4,1,0
BRDA:135,5,0,0
BRDA:135,5,1,3
BRDA:142,6,0,3
BRDA:142,6,1,0
BRDA:149,7,0,0
BRDA:149,7,1,3
BRDA:157,8,0,1
BRDA:157,8,1,2
BRDA:190,9,0,12
BRDA:190,9,1,0
BRDA:289,10,0,12
BRDA:289,10,1,0
BRDA:309,11,0,12
BRDA:309,11,1,3
BRDA:314,12,0,12
BRDA:314,12,1,3
BRDA:328,13,0,12
BRDA:328,13,1,3
BRDA:328,13,2,1
BRF:29
BRH:22
end_of_record
TN:
SF:pages/devportal/requests/new/tokens.tsx
FN:28,(anonymous_0)
FN:43,(anonymous_1)
FN:45,(anonymous_2)
FN:48,(anonymous_3)
FN:54,(anonymous_4)
FNF:5
FNH:4
FNDA:15,(anonymous_0)
FNDA:12,(anonymous_1)
FNDA:12,(anonymous_2)
FNDA:3,(anonymous_3)
FNDA:0,(anonymous_4)
DA:28,3
DA:29,15
DA:30,15
DA:31,15
DA:34,15
DA:35,15
DA:43,15
DA:45,15
DA:48,15
DA:49,3
DA:50,3
DA:51,3
DA:54,15
DA:55,0
DA:58,15
DA:174,3
DA:191,3
LF:17
LH:16
BRDA:50,0,0,3
BRDA:50,0,1,0
BRDA:65,1,0,15
BRDA:65,1,1,12
BRDA:66,2,0,12
BRDA:66,2,1,0
BRDA:93,3,0,15
BRDA:93,3,1,0
BRDA:114,4,0,15
BRDA:114,4,1,9
BRDA:135,5,0,15
BRDA:135,5,1,0
BRDA:155,6,0,15
BRDA:155,6,1,6
BRF:14
BRH:10
end_of_record
TN:
SF:pages/manager/authorization-profiles/index.tsx
FN:26,(anonymous_0)
FN:32,(anonymous_1)
FN:52,(anonymous_2)
FN:104,(anonymous_3)
FNF:4
FNH:2
FNDA:0,(anonymous_0)
FNDA:0,(anonymous_1)
FNDA:19,(anonymous_2)
FNDA:28,(anonymous_3)
DA:26,6
DA:27,0
DA:28,0
DA:30,0
DA:33,0
DA:42,0
DA:52,6
DA:53,19
DA:59,19
DA:61,19
DA:105,28
DA:132,6
LF:12
LH:7
BRF:0
BRH:0
end_of_record
TN:
SF:pages/manager/authorization-profiles/new.tsx
FN:13,(anonymous_0)
FN:31,(anonymous_1)
FNF:2
FNH:2
FNDA:18,(anonymous_0)
FNDA:6,(anonymous_1)
DA:13,6
DA:14,18
DA:15,18
DA:16,18
DA:17,18
DA:28,18
DA:30,18
DA:32,6
DA:33,6
DA:34,6
DA:35,6
DA:39,6
DA:41,0
DA:51,18
DA:68,6
LF:15
LH:14
BRDA:44,0,0,0
BRDA:44,0,1,0
BRF:2
BRH:0
end_of_record
TN:
SF:pages/manager/consumers/[id].tsx
FN:29,(anonymous_0)
FN:35,(anonymous_1)
FN:55,(anonymous_2)
FN:71,(anonymous_3)
FN:73,(anonymous_4)
FN:75,(anonymous_5)
FN:76,(anonymous_6)
FN:132,(anonymous_7)
FNF:8
FNH:6
FNDA:0,(anonymous_0)
FNDA:0,(anonymous_1)
FNDA:145,(anonymous_2)
FNDA:145,(anonymous_3)
FNDA:290,(anonymous_4)
FNDA:290,(anonymous_5)
FNDA:290,(anonymous_6)
FNDA:81,(anonymous_7)
DA:29,34
DA:30,0
DA:31,0
DA:33,0
DA:36,0
DA:45,0
DA:55,34
DA:56,145
DA:57,145
DA:66,145
DA:67,145
DA:71,145
DA:72,145
DA:73,290
DA:76,290
DA:77,290
DA:81,145
DA:132,81
DA:158,34
LF:19
LH:14
BRDA:67,0,0,145
BRDA:67,0,1,0
BRDA:82,1,0,145
BRDA:82,1,1,145
BRDA:104,2,0,145
BRDA:104,2,1,145
BRDA:132,3,0,81
BRDA:132,3,1,42
BRDA:144,4,0,145
BRDA:144,4,1,145
BRF:10
BRH:9
end_of_record
TN:
SF:pages/manager/consumers/index.tsx
FN:43,(anonymous_0)
FN:48,(anonymous_1)
FN:63,(anonymous_2)
FN:137,(anonymous_3)
FN:138,(anonymous_4)
FN:139,(anonymous_5)
FN:160,(anonymous_6)
FNF:7
FNH:5
FNDA:0,(anonymous_0)
FNDA:0,(anonymous_1)
FNDA:84,(anonymous_2)
FNDA:80,(anonymous_3)
FNDA:80,(anonymous_4)
FNDA:80,(anonymous_5)
FNDA:44,(anonymous_6)
DA:43,39
DA:44,0
DA:46,0
DA:49,0
DA:54,0
DA:63,39
DA:64,84
DA:65,84
DA:72,84
DA:73,84
DA:75,84
DA:77,84
DA:137,80
DA:138,80
DA:140,80
DA:161,44
DA:206,39
LF:17
LH:13
BRDA:72,0,0,84
BRDA:72,0,1,8
BRDA:73,1,0,84
BRDA:73,1,1,8
BRDA:81,2,0,6
BRDA:81,2,1,78
BRDA:91,3,0,84
BRDA:91,3,1,78
BRDA:98,4,0,84
BRDA:98,4,1,6
BRDA:120,5,0,84
BRDA:120,5,1,8
BRDA:143,6,0,80
BRDA:143,6,1,0
BRDA:148,7,0,36
BRDA:148,7,1,44
BRF:16
BRH:15
end_of_record
TN:
SF:pages/manager/namespace-access/index.tsx
FN:26,(anonymous_0)
FN:39,(anonymous_1)
FN:80,(anonymous_2)
FN:129,(anonymous_3)
FNF:4
FNH:3
FNDA:0,(anonymous_0)
FNDA:20,(anonymous_1)
FNDA:12,(anonymous_2)
FNDA:12,(anonymous_3)
DA:20,6
DA:26,6
DA:27,0
DA:28,0
DA:30,0
DA:39,6
DA:40,20
DA:41,20
DA:48,20
DA:56,20
DA:57,20
DA:59,20
DA:65,20
DA:79,20
DA:80,12
DA:83,20
DA:129,12
DA:169,6
DA:182,6
LF:19
LH:16
BRDA:41,0,0,20
BRDA:41,0,1,0
BRDA:75,1,0,20
BRDA:75,1,1,14
BRDA:91,2,0,20
BRDA:91,2,1,8
BRDA:91,2,2,0
BRDA:105,3,0,12
BRDA:105,3,1,8
BRDA:105,4,0,20
BRDA:105,4,1,14
BRF:11
BRH:9
end_of_record
TN:
SF:pages/manager/products/[id].tsx
FN:20,(anonymous_0)
FN:25,(anonymous_1)
FN:45,(anonymous_2)
FNF:3
FNH:1
FNDA:0,(anonymous_0)
FNDA:0,(anonymous_1)
FNDA:32,(anonymous_2)
DA:20,8
DA:21,0
DA:23,0
DA:26,0
DA:35,0
DA:45,8
DA:46,32
DA:47,32
DA:51,32
DA:52,32
DA:59,32
LF:11
LH:7
BRDA:94,0,0,32
BRDA:94,0,1,32
BRF:2
BRH:2
end_of_record
TN:
SF:pages/manager/products/index.tsx
FN:18,(anonymous_0)
FN:38,(anonymous_1)
FNF:2
FNH:2
FNDA:14,(anonymous_0)
FNDA:112,(anonymous_1)
DA:18,14
DA:19,14
DA:21,14
DA:39,112
LF:4
LH:4
BRF:0
BRH:0
end_of_record
TN:
SF:pages/manager/requests/[id].tsx
FN:48,(anonymous_0)
FN:54,(anonymous_1)
FN:74,(anonymous_2)
FN:118,(anonymous_3)
FN:121,(anonymous_4)
FN:211,(anonymous_5)
FN:213,(anonymous_6)
FN:225,(anonymous_7)
FN:227,(anonymous_8)
FNF:9
FNH:1
FNDA:0,(anonymous_0)
FNDA:0,(anonymous_1)
FNDA:12,(anonymous_2)
FNDA:0,(anonymous_3)
FNDA:0,(anonymous_4)
FNDA:0,(anonymous_5)
FNDA:0,(anonymous_6)
FNDA:0,(anonymous_7)
FNDA:0,(anonymous_8)
DA:48,4
DA:49,0
DA:50,0
DA:52,0
DA:55,0
DA:64,0
DA:74,4
DA:75,12
DA:76,12
DA:88,12
DA:90,12
DA:93,12
DA:97,12
DA:104,12
DA:111,12
DA:118,12
DA:119,0
DA:121,12
DA:122,0
DA:125,12
DA:127,12
DA:211,0
DA:214,0
DA:225,0
DA:228,0
DA:315,4
LF:26
LH:15
BRDA:88,0,0,12
BRDA:88,0,1,2
BRDA:93,1,0,12
BRDA:93,1,1,0
BRDA:99,2,0,12
BRDA:99,2,1,0
BRDA:104,3,0,4
BRDA:104,3,1,8
BRDA:111,4,0,4
BRDA:111,4,1,8
BRDA:127,5,0,12
BRDA:127,5,1,0
BRDA:136,6,0,12
BRDA:136,6,1,10
BRDA:149,7,0,2
BRDA:149,7,1,10
BRDA:154,8,0,2
BRDA:154,8,1,10
BRDA:239,9,0,12
BRDA:239,9,1,0
BRF:20
BRH:16
end_of_record
TN:
SF:pages/manager/service-accounts/index.tsx
FN:32,(anonymous_0)
FN:38,(anonymous_1)
FN:58,(anonymous_2)
FN:71,(anonymous_3)
FN:149,(anonymous_4)
FNF:5
FNH:3
FNDA:0,(anonymous_0)
FNDA:0,(anonymous_1)
FNDA:20,(anonymous_2)
FNDA:4,(anonymous_3)
FNDA:4,(anonymous_4)
DA:32,4
DA:33,0
DA:34,0
DA:36,0
DA:39,0
DA:48,0
DA:58,4
DA:59,20
DA:60,20
DA:63,20
DA:71,20
DA:72,4
DA:73,4
DA:76,20
DA:150,4
DA:168,4
LF:16
LH:11
BRDA:93,0,0,20
BRDA:93,0,1,12
BRDA:128,1,0,20
BRDA:128,1,1,16
BRF:4
BRH:4
end_of_record
TN:
SF:shared/config.ts
FNF:0
FNH:0
DA:1,214
DA:2,214
DA:3,214
LF:3
LH:3
BRDA:1,0,0,214
BRDA:1,0,1,214
BRDA:2,1,0,214
BRDA:2,1,1,214
BRDA:3,2,0,214
BRDA:3,2,1,214
BRF:6
BRH:6
end_of_record
TN:
SF:shared/isNotBlank.ts
FN:3,(anonymous_0)
FNF:1
FNH:1
FNDA:27,(anonymous_0)
DA:3,27
LF:1
LH:1
BRDA:3,0,0,27
BRDA:3,0,1,18
BRF:2
BRH:2
end_of_record
TN:
SF:shared/theme.ts
FN:66,(anonymous_0)
FN:82,(anonymous_1)
FN:97,(anonymous_2)
FNF:3
FNH:2
FNDA:102,(anonymous_0)
FNDA:0,(anonymous_1)
FNDA:102,(anonymous_2)
DA:5,214
DA:50,214
DA:55,214
DA:59,214
DA:62,214
DA:66,214
DA:67,102
DA:69,102
DA:71,0
DA:73,0
DA:75,0
DA:77,0
DA:81,214
DA:83,0
DA:84,0
DA:85,0
DA:98,102
DA:99,102
DA:100,102
DA:114,214
DA:168,214
LF:21
LH:14
BRDA:67,0,0,102
BRDA:67,0,1,0
BRDA:67,0,2,0
BRDA:67,0,3,0
BRDA:67,0,4,0
BRF:5
BRH:1
end_of_record
TN:
SF:shared/data/links.ts
FNF:0
FNH:0
DA:13,214
LF:1
LH:1
BRF:0
BRH:0
end_of_record
TN:
SF:shared/hooks/index.ts
FNF:0
FNH:0
LF:0
LH:0
BRF:0
BRH:0
end_of_record
TN:
SF:shared/hooks/use-namespace-breadcrumbs.ts
FN:8,(anonymous_0)
FNF:1
FNH:1
FNDA:37,(anonymous_0)
DA:8,6
DA:11,37
DA:13,37
DA:14,37
DA:21,0
LF:5
LH:4
BRDA:9,0,0,0
BRDA:13,1,0,37
BRDA:13,1,1,0
BRF:3
BRH:1
end_of_record
TN:
SF:shared/queries/dataset-queries.ts
FNF:0
FNH:0
DA:3,14
LF:1
LH:1
BRF:0
BRH:0
end_of_record
TN:
SF:shared/queries/products-queries.ts
FNF:0
FNH:0
DA:3,14
DA:12,14
DA:20,14
DA:28,14
DA:40,14
DA:51,14
DA:60,14
DA:70,14
DA:79,14
DA:91,14
DA:99,14
DA:136,14
LF:12
LH:12
BRF:0
BRH:0
end_of_record
TN:
SF:shared/services/api.ts
FN:39,(anonymous_0)
FN:87,(anonymous_1)
FN:94,(anonymous_2)
FN:99,(anonymous_3)
FN:101,(anonymous_4)
FN:117,restApi
FN:152,(anonymous_6)
FN:159,(anonymous_7)
FNF:8
FNH:6
FNDA:645,(anonymous_0)
FNDA:1720,(anonymous_1)
FNDA:520,(anonymous_2)
FNDA:2466,(anonymous_3)
FNDA:95,(anonymous_4)
FNDA:24,restApi
FNDA:0,(anonymous_6)
FNDA:0,(anonymous_7)
DA:39,214
DA:44,645
DA:49,645
DA:50,645
DA:52,645
DA:60,645
DA:61,645
DA:63,490
DA:64,0
DA:67,490
DA:69,70
DA:70,0
DA:72,70
DA:76,0
DA:87,214
DA:92,1720
DA:94,520
DA:99,214
DA:100,2466
DA:102,95
DA:104,2466
DA:121,24
DA:122,24
DA:130,24
DA:131,24
DA:133,24
DA:134,24
DA:136,24
DA:137,0
DA:140,24
DA:141,24
DA:142,24
DA:145,0
DA:146,0
DA:148,0
DA:152,214
DA:157,0
DA:159,0
LF:38
LH:29
BRDA:41,0,0,318
BRDA:42,1,0,22
BRDA:49,2,0,22
BRDA:49,2,1,623
BRDA:63,3,0,0
BRDA:63,3,1,490
BRDA:69,4,0,0
BRDA:69,4,1,70
BRDA:90,5,0,80
BRDA:130,6,0,24
BRDA:130,6,1,0
BRDA:136,7,0,0
BRDA:136,7,1,24
BRDA:140,8,0,24
BRDA:140,8,1,0
BRDA:155,9,0,0
BRF:16
BRH:10
end_of_record
TN:
SF:shared/services/graphql.ts
FN:2,(anonymous_0)
FN:13,(anonymous_1)
FN:13,(anonymous_2)
FNF:3
FNH:3
FNDA:3,(anonymous_0)
FNDA:3,(anonymous_1)
FNDA:3,(anonymous_2)
DA:2,3
DA:3,3
DA:13,3
DA:14,3
DA:15,3
DA:16,3
DA:17,0
DA:18,0
DA:19,0
DA:20,0
DA:23,0
DA:25,3
LF:12
LH:7
BRDA:2,0,0,0
BRDA:16,1,0,0
BRDA:16,1,1,3
BRDA:18,2,0,0
BRDA:18,2,1,0
BRDA:19,3,0,0
BRDA:19,3,1,0
BRF:7
BRH:1
end_of_record
TN:
SF:shared/services/utils.ts
FN:9,(anonymous_0)
FN:19,(anonymous_1)
FNF:2
FNH:1
FNDA:0,(anonymous_0)
FNDA:48,(anonymous_1)
DA:9,14
DA:10,0
DA:12,0
DA:13,0
DA:16,0
DA:19,14
DA:20,48
DA:22,0
DA:24,0
DA:26,2
DA:28,0
DA:30,34
DA:35,12
LF:13
LH:6
BRDA:20,0,0,0
BRDA:20,0,1,0
BRDA:20,0,2,2
BRDA:20,0,3,0
BRDA:20,0,4,34
BRDA:20,0,5,12
BRDA:20,0,6,12
BRF:7
BRH:4
end_of_record
TN:
SF:shared/services/auth/auth-context.tsx
FN:16,(anonymous_0)
FN:20,(anonymous_1)
FN:60,(anonymous_2)
FNF:3
FNH:3
FNDA:557,(anonymous_0)
FNDA:5147,(anonymous_1)
FNDA:1597,(anonymous_2)
DA:10,214
DA:16,214
DA:17,557
DA:18,557
DA:19,557
DA:20,5147
DA:23,557
DA:25,557
DA:26,227
DA:29,330
DA:60,1597
LF:11
LH:11
BRDA:20,0,0,5147
BRDA:20,0,1,5129
BRDA:23,1,0,557
BRDA:23,1,1,505
BRDA:23,1,2,268
BRDA:25,2,0,227
BRDA:25,2,1,330
BRDA:31,3,0,0
BRDA:31,3,1,330
BRF:9
BRH:8
end_of_record
TN:
SF:shared/services/auth/index.ts
FNF:0
FNH:0
LF:0
LH:0
BRF:0
BRH:0
end_of_record
TN:
SF:shared/services/auth/use-session.ts
FN:22,(anonymous_0)
FN:43,(anonymous_1)
FN:65,(anonymous_2)
FNF:3
FNH:2
FNDA:0,(anonymous_0)
FNDA:245,(anonymous_1)
FNDA:557,(anonymous_2)
DA:22,214
DA:25,0
DA:26,0
DA:29,0
DA:30,0
DA:31,0
DA:33,0
DA:34,0
DA:37,0
DA:39,0
DA:43,214
DA:44,245
DA:45,245
DA:48,243
DA:49,243
DA:50,206
DA:51,2
DA:53,204
DA:55,0
DA:56,0
DA:59,0
DA:61,39
DA:65,214
DA:66,557
DA:75,557
LF:25
LH:13
BRDA:23,0,0,0
BRDA:29,1,0,0
BRDA:29,1,1,0
BRDA:33,2,0,0
BRDA:33,2,1,0
BRDA:33,3,0,0
BRDA:33,3,1,0
BRDA:48,4,0,243
BRDA:48,4,1,0
BRDA:50,5,0,2
BRDA:50,5,1,204
BRDA:55,6,0,0
BRDA:55,6,1,0
BRDA:55,7,0,0
BRDA:55,7,1,0
BRF:15
BRH:3
end_of_record
TN:
SF:shared/services/auth/with-auth.ts
FN:22,withAuth
FN:23,(anonymous_1)
FN:29,(anonymous_2)
FN:34,(anonymous_3)
FNF:4
FNH:0
FNDA:0,withAuth
FNDA:0,(anonymous_1)
FNDA:0,(anonymous_2)
FNDA:0,(anonymous_3)
DA:23,0
DA:26,0
DA:27,0
DA:28,0
DA:29,0
DA:31,0
DA:32,0
DA:34,0
DA:36,0
DA:40,0
LF:10
LH:0
BRDA:31,0,0,0
BRDA:31,0,1,0
BRDA:31,1,0,0
BRDA:31,1,1,0
BRDA:32,2,0,0
BRDA:32,2,1,0
BRDA:33,3,0,0
BRDA:33,3,1,0
BRF:8
BRH:0
end_of_record
